Raw Filename|Renamed Filename
C:/Users/Hugo/Documents/GitHub/htmrenamer_testdata/leica_navigator/05_C/raw/TileScan 5_A1_ch00.tif|C:/Users/Hugo/Documents/GitHub/htmrenamer_testdata/leica_navigator/05_C/testplate/W0001--A01--001/P001--A01--001/testplate--A01--001--W0001--P001--T0000--Z000--C00.tif
C:/Users/Hugo/Documents/GitHub/htmrenamer_testdata/leica_navigator/05_C/raw/TileScan 5_A1_ch01.tif|C:/Users/Hugo/Documents/GitHub/htmrenamer_testdata/leica_navigator/05_C/testplate/W0001--A01--001/P001--A01--001/testplate--A01--001--W0001--P001--T0000--Z000--C01.tif
C:/Users/Hugo/Documents/GitHub/htmrenamer_testdata/leica_navigator/05_C/raw/TileScan 5_A10_ch00.tif|C:/Users/Hugo/Documents/GitHub/htmrenamer_testdata/leica_navigator/05_C/testplate/W0010--A10--010/P001--A10--010/testplate--A10--010--W0010--P001--T0000--Z000--C00.tif
C:/Users/Hugo/Documents/GitHub/htmrenamer_testdata/leica_navigator/05_C/raw/TileScan 5_A10_ch01.tif|C:/Users/Hugo/Documents/GitHub/htmrenamer_testdata/leica_navigator/05_C/testplate/W0010--A10--010/P001--A10--010/testplate--A10--010--W0010--P001--T0000--Z000--C01.tif
C:/Users/Hugo/Documents/GitHub/htmrenamer_testdata/leica_navigator/05_C/raw/TileScan 5_A11_ch00.tif|C:/Users/Hugo/Documents/GitHub/htmrenamer_testdata/leica_navigator/05_C/testplate/W0011--A11--011/P001--A11--011/testplate--A11--011--W0011--P001--T0000--Z000--C00.tif
C:/Users/Hugo/Documents/GitHub/htmrenamer_testdata/leica_navigator/05_C/raw/TileScan 5_A11_ch01.tif|C:/Users/Hugo/Documents/GitHub/htmrenamer_testdata/leica_navigator/05_C/testplate/W0011--A11--011/P001--A11--011/testplate--A11--011--W0011--P001--T0000--Z000--C01.tif
C:/Users/Hugo/Documents/GitHub/htmrenamer_testdata/leica_navigator/05_C/raw/TileScan 5_A12_ch00.tif|C:/Users/Hugo/Documents/GitHub/htmrenamer_testdata/leica_navigator/05_C/testplate/W0012--A12--012/P001--A12--012/testplate--A12--012--W0012--P001--T0000--Z000--C00.tif
C:/Users/Hugo/Documents/GitHub/htmrenamer_testdata/leica_navigator/05_C/raw/TileScan 5_A12_ch01.tif|C:/Users/Hugo/Documents/GitHub/htmrenamer_testdata/leica_navigator/05_C/testplate/W0012--A12--012/P001--A12--012/testplate--A12--012--W0012--P001--T0000--Z000--C01.tif
C:/Users/Hugo/Documents/GitHub/htmrenamer_testdata/leica_navigator/05_C/raw/TileScan 5_A2_ch00.tif|C:/Users/Hugo/Documents/GitHub/htmrenamer_testdata/leica_navigator/05_C/testplate/W0002--A02--002/P001--A02--002/testplate--A02--002--W0002--P001--T0000--Z000--C00.tif
C:/Users/Hugo/Documents/GitHub/htmrenamer_testdata/leica_navigator/05_C/raw/TileScan 5_A2_ch01.tif|C:/Users/Hugo/Documents/GitHub/htmrenamer_testdata/leica_navigator/05_C/testplate/W0002--A02--002/P001--A02--002/testplate--A02--002--W0002--P001--T0000--Z000--C01.tif
C:/Users/Hugo/Documents/GitHub/htmrenamer_testdata/leica_navigator/05_C/raw/TileScan 5_A3_ch00.tif|C:/Users/Hugo/Documents/GitHub/htmrenamer_testdata/leica_navigator/05_C/testplate/W0003--A03--003/P001--A03--003/testplate--A03--003--W0003--P001--T0000--Z000--C00.tif
C:/Users/Hugo/Documents/GitHub/htmrenamer_testdata/leica_navigator/05_C/raw/TileScan 5_A3_ch01.tif|C:/Users/Hugo/Documents/GitHub/htmrenamer_testdata/leica_navigator/05_C/testplate/W0003--A03--003/P001--A03--003/testplate--A03--003--W0003--P001--T0000--Z000--C01.tif
C:/Users/Hugo/Documents/GitHub/htmrenamer_testdata/leica_navigator/05_C/raw/TileScan 5_A4_ch00.tif|C:/Users/Hugo/Documents/GitHub/htmrenamer_testdata/leica_navigator/05_C/testplate/W0004--A04--004/P001--A04--004/testplate--A04--004--W0004--P001--T0000--Z000--C00.tif
C:/Users/Hugo/Documents/GitHub/htmrenamer_testdata/leica_navigator/05_C/raw/TileScan 5_A4_ch01.tif|C:/Users/Hugo/Documents/GitHub/htmrenamer_testdata/leica_navigator/05_C/testplate/W0004--A04--004/P001--A04--004/testplate--A04--004--W0004--P001--T0000--Z000--C01.tif
C:/Users/Hugo/Documents/GitHub/htmrenamer_testdata/leica_navigator/05_C/raw/TileScan 5_A5_ch00.tif|C:/Users/Hugo/Documents/GitHub/htmrenamer_testdata/leica_navigator/05_C/testplate/W0005--A05--005/P001--A05--005/testplate--A05--005--W0005--P001--T0000--Z000--C00.tif
C:/Users/Hugo/Documents/GitHub/htmrenamer_testdata/leica_navigator/05_C/raw/TileScan 5_A5_ch01.tif|C:/Users/Hugo/Documents/GitHub/htmrenamer_testdata/leica_navigator/05_C/testplate/W0005--A05--005/P001--A05--005/testplate--A05--005--W0005--P001--T0000--Z000--C01.tif
C:/Users/Hugo/Documents/GitHub/htmrenamer_testdata/leica_navigator/05_C/raw/TileScan 5_A6_ch00.tif|C:/Users/Hugo/Documents/GitHub/htmrenamer_testdata/leica_navigator/05_C/testplate/W0006--A06--006/P001--A06--006/testplate--A06--006--W0006--P001--T0000--Z000--C00.tif
C:/Users/Hugo/Documents/GitHub/htmrenamer_testdata/leica_navigator/05_C/raw/TileScan 5_A6_ch01.tif|C:/Users/Hugo/Documents/GitHub/htmrenamer_testdata/leica_navigator/05_C/testplate/W0006--A06--006/P001--A06--006/testplate--A06--006--W0006--P001--T0000--Z000--C01.tif
C:/Users/Hugo/Documents/GitHub/htmrenamer_testdata/leica_navigator/05_C/raw/TileScan 5_A7_ch00.tif|C:/Users/Hugo/Documents/GitHub/htmrenamer_testdata/leica_navigator/05_C/testplate/W0007--A07--007/P001--A07--007/testplate--A07--007--W0007--P001--T0000--Z000--C00.tif
C:/Users/Hugo/Documents/GitHub/htmrenamer_testdata/leica_navigator/05_C/raw/TileScan 5_A7_ch01.tif|C:/Users/Hugo/Documents/GitHub/htmrenamer_testdata/leica_navigator/05_C/testplate/W0007--A07--007/P001--A07--007/testplate--A07--007--W0007--P001--T0000--Z000--C01.tif
C:/Users/Hugo/Documents/GitHub/htmrenamer_testdata/leica_navigator/05_C/raw/TileScan 5_A8_ch00.tif|C:/Users/Hugo/Documents/GitHub/htmrenamer_testdata/leica_navigator/05_C/testplate/W0008--A08--008/P001--A08--008/testplate--A08--008--W0008--P001--T0000--Z000--C00.tif
C:/Users/Hugo/Documents/GitHub/htmrenamer_testdata/leica_navigator/05_C/raw/TileScan 5_A8_ch01.tif|C:/Users/Hugo/Documents/GitHub/htmrenamer_testdata/leica_navigator/05_C/testplate/W0008--A08--008/P001--A08--008/testplate--A08--008--W0008--P001--T0000--Z000--C01.tif
C:/Users/Hugo/Documents/GitHub/htmrenamer_testdata/leica_navigator/05_C/raw/TileScan 5_A9_ch00.tif|C:/Users/Hugo/Documents/GitHub/htmrenamer_testdata/leica_navigator/05_C/testplate/W0009--A09--009/P001--A09--009/testplate--A09--009--W0009--P001--T0000--Z000--C00.tif
C:/Users/Hugo/Documents/GitHub/htmrenamer_testdata/leica_navigator/05_C/raw/TileScan 5_A9_ch01.tif|C:/Users/Hugo/Documents/GitHub/htmrenamer_testdata/leica_navigator/05_C/testplate/W0009--A09--009/P001--A09--009/testplate--A09--009--W0009--P001--T0000--Z000--C01.tif
C:/Users/Hugo/Documents/GitHub/htmrenamer_testdata/leica_navigator/05_C/raw/TileScan 5_B1_ch00.tif|C:/Users/Hugo/Documents/GitHub/htmrenamer_testdata/leica_navigator/05_C/testplate/W0013--B01--013/P001--B01--013/testplate--B01--013--W0013--P001--T0000--Z000--C00.tif
C:/Users/Hugo/Documents/GitHub/htmrenamer_testdata/leica_navigator/05_C/raw/TileScan 5_B1_ch01.tif|C:/Users/Hugo/Documents/GitHub/htmrenamer_testdata/leica_navigator/05_C/testplate/W0013--B01--013/P001--B01--013/testplate--B01--013--W0013--P001--T0000--Z000--C01.tif
C:/Users/Hugo/Documents/GitHub/htmrenamer_testdata/leica_navigator/05_C/raw/TileScan 5_B10_ch00.tif|C:/Users/Hugo/Documents/GitHub/htmrenamer_testdata/leica_navigator/05_C/testplate/W0022--B10--022/P001--B10--022/testplate--B10--022--W0022--P001--T0000--Z000--C00.tif
C:/Users/Hugo/Documents/GitHub/htmrenamer_testdata/leica_navigator/05_C/raw/TileScan 5_B10_ch01.tif|C:/Users/Hugo/Documents/GitHub/htmrenamer_testdata/leica_navigator/05_C/testplate/W0022--B10--022/P001--B10--022/testplate--B10--022--W0022--P001--T0000--Z000--C01.tif
C:/Users/Hugo/Documents/GitHub/htmrenamer_testdata/leica_navigator/05_C/raw/TileScan 5_B11_ch00.tif|C:/Users/Hugo/Documents/GitHub/htmrenamer_testdata/leica_navigator/05_C/testplate/W0023--B11--023/P001--B11--023/testplate--B11--023--W0023--P001--T0000--Z000--C00.tif
C:/Users/Hugo/Documents/GitHub/htmrenamer_testdata/leica_navigator/05_C/raw/TileScan 5_B11_ch01.tif|C:/Users/Hugo/Documents/GitHub/htmrenamer_testdata/leica_navigator/05_C/testplate/W0023--B11--023/P001--B11--023/testplate--B11--023--W0023--P001--T0000--Z000--C01.tif
C:/Users/Hugo/Documents/GitHub/htmrenamer_testdata/leica_navigator/05_C/raw/TileScan 5_B12_ch00.tif|C:/Users/Hugo/Documents/GitHub/htmrenamer_testdata/leica_navigator/05_C/testplate/W0024--B12--024/P001--B12--024/testplate--B12--024--W0024--P001--T0000--Z000--C00.tif
C:/Users/Hugo/Documents/GitHub/htmrenamer_testdata/leica_navigator/05_C/raw/TileScan 5_B12_ch01.tif|C:/Users/Hugo/Documents/GitHub/htmrenamer_testdata/leica_navigator/05_C/testplate/W0024--B12--024/P001--B12--024/testplate--B12--024--W0024--P001--T0000--Z000--C01.tif
C:/Users/Hugo/Documents/GitHub/htmrenamer_testdata/leica_navigator/05_C/raw/TileScan 5_B2_ch00.tif|C:/Users/Hugo/Documents/GitHub/htmrenamer_testdata/leica_navigator/05_C/testplate/W0014--B02--014/P001--B02--014/testplate--B02--014--W0014--P001--T0000--Z000--C00.tif
C:/Users/Hugo/Documents/GitHub/htmrenamer_testdata/leica_navigator/05_C/raw/TileScan 5_B2_ch01.tif|C:/Users/Hugo/Documents/GitHub/htmrenamer_testdata/leica_navigator/05_C/testplate/W0014--B02--014/P001--B02--014/testplate--B02--014--W0014--P001--T0000--Z000--C01.tif
C:/Users/Hugo/Documents/GitHub/htmrenamer_testdata/leica_navigator/05_C/raw/TileScan 5_B3_ch00.tif|C:/Users/Hugo/Documents/GitHub/htmrenamer_testdata/leica_navigator/05_C/testplate/W0015--B03--015/P001--B03--015/testplate--B03--015--W0015--P001--T0000--Z000--C00.tif
C:/Users/Hugo/Documents/GitHub/htmrenamer_testdata/leica_navigator/05_C/raw/TileScan 5_B3_ch01.tif|C:/Users/Hugo/Documents/GitHub/htmrenamer_testdata/leica_navigator/05_C/testplate/W0015--B03--015/P001--B03--015/testplate--B03--015--W0015--P001--T0000--Z000--C01.tif
C:/Users/Hugo/Documents/GitHub/htmrenamer_testdata/leica_navigator/05_C/raw/TileScan 5_B4_ch00.tif|C:/Users/Hugo/Documents/GitHub/htmrenamer_testdata/leica_navigator/05_C/testplate/W0016--B04--016/P001--B04--016/testplate--B04--016--W0016--P001--T0000--Z000--C00.tif
C:/Users/Hugo/Documents/GitHub/htmrenamer_testdata/leica_navigator/05_C/raw/TileScan 5_B4_ch01.tif|C:/Users/Hugo/Documents/GitHub/htmrenamer_testdata/leica_navigator/05_C/testplate/W0016--B04--016/P001--B04--016/testplate--B04--016--W0016--P001--T0000--Z000--C01.tif
C:/Users/Hugo/Documents/GitHub/htmrenamer_testdata/leica_navigator/05_C/raw/TileScan 5_B5_ch00.tif|C:/Users/Hugo/Documents/GitHub/htmrenamer_testdata/leica_navigator/05_C/testplate/W0017--B05--017/P001--B05--017/testplate--B05--017--W0017--P001--T0000--Z000--C00.tif
C:/Users/Hugo/Documents/GitHub/htmrenamer_testdata/leica_navigator/05_C/raw/TileScan 5_B5_ch01.tif|C:/Users/Hugo/Documents/GitHub/htmrenamer_testdata/leica_navigator/05_C/testplate/W0017--B05--017/P001--B05--017/testplate--B05--017--W0017--P001--T0000--Z000--C01.tif
C:/Users/Hugo/Documents/GitHub/htmrenamer_testdata/leica_navigator/05_C/raw/TileScan 5_B6_ch00.tif|C:/Users/Hugo/Documents/GitHub/htmrenamer_testdata/leica_navigator/05_C/testplate/W0018--B06--018/P001--B06--018/testplate--B06--018--W0018--P001--T0000--Z000--C00.tif
C:/Users/Hugo/Documents/GitHub/htmrenamer_testdata/leica_navigator/05_C/raw/TileScan 5_B6_ch01.tif|C:/Users/Hugo/Documents/GitHub/htmrenamer_testdata/leica_navigator/05_C/testplate/W0018--B06--018/P001--B06--018/testplate--B06--018--W0018--P001--T0000--Z000--C01.tif
C:/Users/Hugo/Documents/GitHub/htmrenamer_testdata/leica_navigator/05_C/raw/TileScan 5_B7_ch00.tif|C:/Users/Hugo/Documents/GitHub/htmrenamer_testdata/leica_navigator/05_C/testplate/W0019--B07--019/P001--B07--019/testplate--B07--019--W0019--P001--T0000--Z000--C00.tif
C:/Users/Hugo/Documents/GitHub/htmrenamer_testdata/leica_navigator/05_C/raw/TileScan 5_B7_ch01.tif|C:/Users/Hugo/Documents/GitHub/htmrenamer_testdata/leica_navigator/05_C/testplate/W0019--B07--019/P001--B07--019/testplate--B07--019--W0019--P001--T0000--Z000--C01.tif
C:/Users/Hugo/Documents/GitHub/htmrenamer_testdata/leica_navigator/05_C/raw/TileScan 5_B8_ch00.tif|C:/Users/Hugo/Documents/GitHub/htmrenamer_testdata/leica_navigator/05_C/testplate/W0020--B08--020/P001--B08--020/testplate--B08--020--W0020--P001--T0000--Z000--C00.tif
C:/Users/Hugo/Documents/GitHub/htmrenamer_testdata/leica_navigator/05_C/raw/TileScan 5_B8_ch01.tif|C:/Users/Hugo/Documents/GitHub/htmrenamer_testdata/leica_navigator/05_C/testplate/W0020--B08--020/P001--B08--020/testplate--B08--020--W0020--P001--T0000--Z000--C01.tif
C:/Users/Hugo/Documents/GitHub/htmrenamer_testdata/leica_navigator/05_C/raw/TileScan 5_B9_ch00.tif|C:/Users/Hugo/Documents/GitHub/htmrenamer_testdata/leica_navigator/05_C/testplate/W0021--B09--021/P001--B09--021/testplate--B09--021--W0021--P001--T0000--Z000--C00.tif
C:/Users/Hugo/Documents/GitHub/htmrenamer_testdata/leica_navigator/05_C/raw/TileScan 5_B9_ch01.tif|C:/Users/Hugo/Documents/GitHub/htmrenamer_testdata/leica_navigator/05_C/testplate/W0021--B09--021/P001--B09--021/testplate--B09--021--W0021--P001--T0000--Z000--C01.tif
C:/Users/Hugo/Documents/GitHub/htmrenamer_testdata/leica_navigator/05_C/raw/TileScan 5_C1_ch00.tif|C:/Users/Hugo/Documents/GitHub/htmrenamer_testdata/leica_navigator/05_C/testplate/W0025--C01--025/P001--C01--025/testplate--C01--025--W0025--P001--T0000--Z000--C00.tif
C:/Users/Hugo/Documents/GitHub/htmrenamer_testdata/leica_navigator/05_C/raw/TileScan 5_C1_ch01.tif|C:/Users/Hugo/Documents/GitHub/htmrenamer_testdata/leica_navigator/05_C/testplate/W0025--C01--025/P001--C01--025/testplate--C01--025--W0025--P001--T0000--Z000--C01.tif
C:/Users/Hugo/Documents/GitHub/htmrenamer_testdata/leica_navigator/05_C/raw/TileScan 5_C10_ch00.tif|C:/Users/Hugo/Documents/GitHub/htmrenamer_testdata/leica_navigator/05_C/testplate/W0034--C10--034/P001--C10--034/testplate--C10--034--W0034--P001--T0000--Z000--C00.tif
C:/Users/Hugo/Documents/GitHub/htmrenamer_testdata/leica_navigator/05_C/raw/TileScan 5_C10_ch01.tif|C:/Users/Hugo/Documents/GitHub/htmrenamer_testdata/leica_navigator/05_C/testplate/W0034--C10--034/P001--C10--034/testplate--C10--034--W0034--P001--T0000--Z000--C01.tif
C:/Users/Hugo/Documents/GitHub/htmrenamer_testdata/leica_navigator/05_C/raw/TileScan 5_C11_ch00.tif|C:/Users/Hugo/Documents/GitHub/htmrenamer_testdata/leica_navigator/05_C/testplate/W0035--C11--035/P001--C11--035/testplate--C11--035--W0035--P001--T0000--Z000--C00.tif
C:/Users/Hugo/Documents/GitHub/htmrenamer_testdata/leica_navigator/05_C/raw/TileScan 5_C11_ch01.tif|C:/Users/Hugo/Documents/GitHub/htmrenamer_testdata/leica_navigator/05_C/testplate/W0035--C11--035/P001--C11--035/testplate--C11--035--W0035--P001--T0000--Z000--C01.tif
C:/Users/Hugo/Documents/GitHub/htmrenamer_testdata/leica_navigator/05_C/raw/TileScan 5_C12_ch00.tif|C:/Users/Hugo/Documents/GitHub/htmrenamer_testdata/leica_navigator/05_C/testplate/W0036--C12--036/P001--C12--036/testplate--C12--036--W0036--P001--T0000--Z000--C00.tif
C:/Users/Hugo/Documents/GitHub/htmrenamer_testdata/leica_navigator/05_C/raw/TileScan 5_C12_ch01.tif|C:/Users/Hugo/Documents/GitHub/htmrenamer_testdata/leica_navigator/05_C/testplate/W0036--C12--036/P001--C12--036/testplate--C12--036--W0036--P001--T0000--Z000--C01.tif
C:/Users/Hugo/Documents/GitHub/htmrenamer_testdata/leica_navigator/05_C/raw/TileScan 5_C2_ch00.tif|C:/Users/Hugo/Documents/GitHub/htmrenamer_testdata/leica_navigator/05_C/testplate/W0026--C02--026/P001--C02--026/testplate--C02--026--W0026--P001--T0000--Z000--C00.tif
C:/Users/Hugo/Documents/GitHub/htmrenamer_testdata/leica_navigator/05_C/raw/TileScan 5_C2_ch01.tif|C:/Users/Hugo/Documents/GitHub/htmrenamer_testdata/leica_navigator/05_C/testplate/W0026--C02--026/P001--C02--026/testplate--C02--026--W0026--P001--T0000--Z000--C01.tif
C:/Users/Hugo/Documents/GitHub/htmrenamer_testdata/leica_navigator/05_C/raw/TileScan 5_C3_ch00.tif|C:/Users/Hugo/Documents/GitHub/htmrenamer_testdata/leica_navigator/05_C/testplate/W0027--C03--027/P001--C03--027/testplate--C03--027--W0027--P001--T0000--Z000--C00.tif
C:/Users/Hugo/Documents/GitHub/htmrenamer_testdata/leica_navigator/05_C/raw/TileScan 5_C3_ch01.tif|C:/Users/Hugo/Documents/GitHub/htmrenamer_testdata/leica_navigator/05_C/testplate/W0027--C03--027/P001--C03--027/testplate--C03--027--W0027--P001--T0000--Z000--C01.tif
C:/Users/Hugo/Documents/GitHub/htmrenamer_testdata/leica_navigator/05_C/raw/TileScan 5_C4_ch00.tif|C:/Users/Hugo/Documents/GitHub/htmrenamer_testdata/leica_navigator/05_C/testplate/W0028--C04--028/P001--C04--028/testplate--C04--028--W0028--P001--T0000--Z000--C00.tif
C:/Users/Hugo/Documents/GitHub/htmrenamer_testdata/leica_navigator/05_C/raw/TileScan 5_C4_ch01.tif|C:/Users/Hugo/Documents/GitHub/htmrenamer_testdata/leica_navigator/05_C/testplate/W0028--C04--028/P001--C04--028/testplate--C04--028--W0028--P001--T0000--Z000--C01.tif
C:/Users/Hugo/Documents/GitHub/htmrenamer_testdata/leica_navigator/05_C/raw/TileScan 5_C5_ch00.tif|C:/Users/Hugo/Documents/GitHub/htmrenamer_testdata/leica_navigator/05_C/testplate/W0029--C05--029/P001--C05--029/testplate--C05--029--W0029--P001--T0000--Z000--C00.tif
C:/Users/Hugo/Documents/GitHub/htmrenamer_testdata/leica_navigator/05_C/raw/TileScan 5_C5_ch01.tif|C:/Users/Hugo/Documents/GitHub/htmrenamer_testdata/leica_navigator/05_C/testplate/W0029--C05--029/P001--C05--029/testplate--C05--029--W0029--P001--T0000--Z000--C01.tif
C:/Users/Hugo/Documents/GitHub/htmrenamer_testdata/leica_navigator/05_C/raw/TileScan 5_C6_ch00.tif|C:/Users/Hugo/Documents/GitHub/htmrenamer_testdata/leica_navigator/05_C/testplate/W0030--C06--030/P001--C06--030/testplate--C06--030--W0030--P001--T0000--Z000--C00.tif
C:/Users/Hugo/Documents/GitHub/htmrenamer_testdata/leica_navigator/05_C/raw/TileScan 5_C6_ch01.tif|C:/Users/Hugo/Documents/GitHub/htmrenamer_testdata/leica_navigator/05_C/testplate/W0030--C06--030/P001--C06--030/testplate--C06--030--W0030--P001--T0000--Z000--C01.tif
C:/Users/Hugo/Documents/GitHub/htmrenamer_testdata/leica_navigator/05_C/raw/TileScan 5_C7_ch00.tif|C:/Users/Hugo/Documents/GitHub/htmrenamer_testdata/leica_navigator/05_C/testplate/W0031--C07--031/P001--C07--031/testplate--C07--031--W0031--P001--T0000--Z000--C00.tif
C:/Users/Hugo/Documents/GitHub/htmrenamer_testdata/leica_navigator/05_C/raw/TileScan 5_C7_ch01.tif|C:/Users/Hugo/Documents/GitHub/htmrenamer_testdata/leica_navigator/05_C/testplate/W0031--C07--031/P001--C07--031/testplate--C07--031--W0031--P001--T0000--Z000--C01.tif
C:/Users/Hugo/Documents/GitHub/htmrenamer_testdata/leica_navigator/05_C/raw/TileScan 5_C8_ch00.tif|C:/Users/Hugo/Documents/GitHub/htmrenamer_testdata/leica_navigator/05_C/testplate/W0032--C08--032/P001--C08--032/testplate--C08--032--W0032--P001--T0000--Z000--C00.tif
C:/Users/Hugo/Documents/GitHub/htmrenamer_testdata/leica_navigator/05_C/raw/TileScan 5_C8_ch01.tif|C:/Users/Hugo/Documents/GitHub/htmrenamer_testdata/leica_navigator/05_C/testplate/W0032--C08--032/P001--C08--032/testplate--C08--032--W0032--P001--T0000--Z000--C01.tif
C:/Users/Hugo/Documents/GitHub/htmrenamer_testdata/leica_navigator/05_C/raw/TileScan 5_C9_ch00.tif|C:/Users/Hugo/Documents/GitHub/htmrenamer_testdata/leica_navigator/05_C/testplate/W0033--C09--033/P001--C09--033/testplate--C09--033--W0033--P001--T0000--Z000--C00.tif
C:/Users/Hugo/Documents/GitHub/htmrenamer_testdata/leica_navigator/05_C/raw/TileScan 5_C9_ch01.tif|C:/Users/Hugo/Documents/GitHub/htmrenamer_testdata/leica_navigator/05_C/testplate/W0033--C09--033/P001--C09--033/testplate--C09--033--W0033--P001--T0000--Z000--C01.tif
C:/Users/Hugo/Documents/GitHub/htmrenamer_testdata/leica_navigator/05_C/raw/TileScan 5_D1_ch00.tif|C:/Users/Hugo/Documents/GitHub/htmrenamer_testdata/leica_navigator/05_C/testplate/W0037--D01--037/P001--D01--037/testplate--D01--037--W0037--P001--T0000--Z000--C00.tif
C:/Users/Hugo/Documents/GitHub/htmrenamer_testdata/leica_navigator/05_C/raw/TileScan 5_D1_ch01.tif|C:/Users/Hugo/Documents/GitHub/htmrenamer_testdata/leica_navigator/05_C/testplate/W0037--D01--037/P001--D01--037/testplate--D01--037--W0037--P001--T0000--Z000--C01.tif
C:/Users/Hugo/Documents/GitHub/htmrenamer_testdata/leica_navigator/05_C/raw/TileScan 5_D10_ch00.tif|C:/Users/Hugo/Documents/GitHub/htmrenamer_testdata/leica_navigator/05_C/testplate/W0046--D10--046/P001--D10--046/testplate--D10--046--W0046--P001--T0000--Z000--C00.tif
C:/Users/Hugo/Documents/GitHub/htmrenamer_testdata/leica_navigator/05_C/raw/TileScan 5_D10_ch01.tif|C:/Users/Hugo/Documents/GitHub/htmrenamer_testdata/leica_navigator/05_C/testplate/W0046--D10--046/P001--D10--046/testplate--D10--046--W0046--P001--T0000--Z000--C01.tif
C:/Users/Hugo/Documents/GitHub/htmrenamer_testdata/leica_navigator/05_C/raw/TileScan 5_D11_ch00.tif|C:/Users/Hugo/Documents/GitHub/htmrenamer_testdata/leica_navigator/05_C/testplate/W0047--D11--047/P001--D11--047/testplate--D11--047--W0047--P001--T0000--Z000--C00.tif
C:/Users/Hugo/Documents/GitHub/htmrenamer_testdata/leica_navigator/05_C/raw/TileScan 5_D11_ch01.tif|C:/Users/Hugo/Documents/GitHub/htmrenamer_testdata/leica_navigator/05_C/testplate/W0047--D11--047/P001--D11--047/testplate--D11--047--W0047--P001--T0000--Z000--C01.tif
C:/Users/Hugo/Documents/GitHub/htmrenamer_testdata/leica_navigator/05_C/raw/TileScan 5_D12_ch00.tif|C:/Users/Hugo/Documents/GitHub/htmrenamer_testdata/leica_navigator/05_C/testplate/W0048--D12--048/P001--D12--048/testplate--D12--048--W0048--P001--T0000--Z000--C00.tif
C:/Users/Hugo/Documents/GitHub/htmrenamer_testdata/leica_navigator/05_C/raw/TileScan 5_D12_ch01.tif|C:/Users/Hugo/Documents/GitHub/htmrenamer_testdata/leica_navigator/05_C/testplate/W0048--D12--048/P001--D12--048/testplate--D12--048--W0048--P001--T0000--Z000--C01.tif
C:/Users/Hugo/Documents/GitHub/htmrenamer_testdata/leica_navigator/05_C/raw/TileScan 5_D2_ch00.tif|C:/Users/Hugo/Documents/GitHub/htmrenamer_testdata/leica_navigator/05_C/testplate/W0038--D02--038/P001--D02--038/testplate--D02--038--W0038--P001--T0000--Z000--C00.tif
C:/Users/Hugo/Documents/GitHub/htmrenamer_testdata/leica_navigator/05_C/raw/TileScan 5_D2_ch01.tif|C:/Users/Hugo/Documents/GitHub/htmrenamer_testdata/leica_navigator/05_C/testplate/W0038--D02--038/P001--D02--038/testplate--D02--038--W0038--P001--T0000--Z000--C01.tif
C:/Users/Hugo/Documents/GitHub/htmrenamer_testdata/leica_navigator/05_C/raw/TileScan 5_D3_ch00.tif|C:/Users/Hugo/Documents/GitHub/htmrenamer_testdata/leica_navigator/05_C/testplate/W0039--D03--039/P001--D03--039/testplate--D03--039--W0039--P001--T0000--Z000--C00.tif
C:/Users/Hugo/Documents/GitHub/htmrenamer_testdata/leica_navigator/05_C/raw/TileScan 5_D3_ch01.tif|C:/Users/Hugo/Documents/GitHub/htmrenamer_testdata/leica_navigator/05_C/testplate/W0039--D03--039/P001--D03--039/testplate--D03--039--W0039--P001--T0000--Z000--C01.tif
C:/Users/Hugo/Documents/GitHub/htmrenamer_testdata/leica_navigator/05_C/raw/TileScan 5_D4_ch00.tif|C:/Users/Hugo/Documents/GitHub/htmrenamer_testdata/leica_navigator/05_C/testplate/W0040--D04--040/P001--D04--040/testplate--D04--040--W0040--P001--T0000--Z000--C00.tif
C:/Users/Hugo/Documents/GitHub/htmrenamer_testdata/leica_navigator/05_C/raw/TileScan 5_D4_ch01.tif|C:/Users/Hugo/Documents/GitHub/htmrenamer_testdata/leica_navigator/05_C/testplate/W0040--D04--040/P001--D04--040/testplate--D04--040--W0040--P001--T0000--Z000--C01.tif
C:/Users/Hugo/Documents/GitHub/htmrenamer_testdata/leica_navigator/05_C/raw/TileScan 5_D5_ch00.tif|C:/Users/Hugo/Documents/GitHub/htmrenamer_testdata/leica_navigator/05_C/testplate/W0041--D05--041/P001--D05--041/testplate--D05--041--W0041--P001--T0000--Z000--C00.tif
C:/Users/Hugo/Documents/GitHub/htmrenamer_testdata/leica_navigator/05_C/raw/TileScan 5_D5_ch01.tif|C:/Users/Hugo/Documents/GitHub/htmrenamer_testdata/leica_navigator/05_C/testplate/W0041--D05--041/P001--D05--041/testplate--D05--041--W0041--P001--T0000--Z000--C01.tif
C:/Users/Hugo/Documents/GitHub/htmrenamer_testdata/leica_navigator/05_C/raw/TileScan 5_D6_ch00.tif|C:/Users/Hugo/Documents/GitHub/htmrenamer_testdata/leica_navigator/05_C/testplate/W0042--D06--042/P001--D06--042/testplate--D06--042--W0042--P001--T0000--Z000--C00.tif
C:/Users/Hugo/Documents/GitHub/htmrenamer_testdata/leica_navigator/05_C/raw/TileScan 5_D6_ch01.tif|C:/Users/Hugo/Documents/GitHub/htmrenamer_testdata/leica_navigator/05_C/testplate/W0042--D06--042/P001--D06--042/testplate--D06--042--W0042--P001--T0000--Z000--C01.tif
C:/Users/Hugo/Documents/GitHub/htmrenamer_testdata/leica_navigator/05_C/raw/TileScan 5_D7_ch00.tif|C:/Users/Hugo/Documents/GitHub/htmrenamer_testdata/leica_navigator/05_C/testplate/W0043--D07--043/P001--D07--043/testplate--D07--043--W0043--P001--T0000--Z000--C00.tif
C:/Users/Hugo/Documents/GitHub/htmrenamer_testdata/leica_navigator/05_C/raw/TileScan 5_D7_ch01.tif|C:/Users/Hugo/Documents/GitHub/htmrenamer_testdata/leica_navigator/05_C/testplate/W0043--D07--043/P001--D07--043/testplate--D07--043--W0043--P001--T0000--Z000--C01.tif
C:/Users/Hugo/Documents/GitHub/htmrenamer_testdata/leica_navigator/05_C/raw/TileScan 5_D8_ch00.tif|C:/Users/Hugo/Documents/GitHub/htmrenamer_testdata/leica_navigator/05_C/testplate/W0044--D08--044/P001--D08--044/testplate--D08--044--W0044--P001--T0000--Z000--C00.tif
C:/Users/Hugo/Documents/GitHub/htmrenamer_testdata/leica_navigator/05_C/raw/TileScan 5_D8_ch01.tif|C:/Users/Hugo/Documents/GitHub/htmrenamer_testdata/leica_navigator/05_C/testplate/W0044--D08--044/P001--D08--044/testplate--D08--044--W0044--P001--T0000--Z000--C01.tif
C:/Users/Hugo/Documents/GitHub/htmrenamer_testdata/leica_navigator/05_C/raw/TileScan 5_D9_ch00.tif|C:/Users/Hugo/Documents/GitHub/htmrenamer_testdata/leica_navigator/05_C/testplate/W0045--D09--045/P001--D09--045/testplate--D09--045--W0045--P001--T0000--Z000--C00.tif
C:/Users/Hugo/Documents/GitHub/htmrenamer_testdata/leica_navigator/05_C/raw/TileScan 5_D9_ch01.tif|C:/Users/Hugo/Documents/GitHub/htmrenamer_testdata/leica_navigator/05_C/testplate/W0045--D09--045/P001--D09--045/testplate--D09--045--W0045--P001--T0000--Z000--C01.tif
C:/Users/Hugo/Documents/GitHub/htmrenamer_testdata/leica_navigator/05_C/raw/TileScan 5_E1_ch00.tif|C:/Users/Hugo/Documents/GitHub/htmrenamer_testdata/leica_navigator/05_C/testplate/W0049--E01--049/P001--E01--049/testplate--E01--049--W0049--P001--T0000--Z000--C00.tif
C:/Users/Hugo/Documents/GitHub/htmrenamer_testdata/leica_navigator/05_C/raw/TileScan 5_E1_ch01.tif|C:/Users/Hugo/Documents/GitHub/htmrenamer_testdata/leica_navigator/05_C/testplate/W0049--E01--049/P001--E01--049/testplate--E01--049--W0049--P001--T0000--Z000--C01.tif
C:/Users/Hugo/Documents/GitHub/htmrenamer_testdata/leica_navigator/05_C/raw/TileScan 5_E10_ch00.tif|C:/Users/Hugo/Documents/GitHub/htmrenamer_testdata/leica_navigator/05_C/testplate/W0058--E10--058/P001--E10--058/testplate--E10--058--W0058--P001--T0000--Z000--C00.tif
C:/Users/Hugo/Documents/GitHub/htmrenamer_testdata/leica_navigator/05_C/raw/TileScan 5_E10_ch01.tif|C:/Users/Hugo/Documents/GitHub/htmrenamer_testdata/leica_navigator/05_C/testplate/W0058--E10--058/P001--E10--058/testplate--E10--058--W0058--P001--T0000--Z000--C01.tif
C:/Users/Hugo/Documents/GitHub/htmrenamer_testdata/leica_navigator/05_C/raw/TileScan 5_E11_ch00.tif|C:/Users/Hugo/Documents/GitHub/htmrenamer_testdata/leica_navigator/05_C/testplate/W0059--E11--059/P001--E11--059/testplate--E11--059--W0059--P001--T0000--Z000--C00.tif
C:/Users/Hugo/Documents/GitHub/htmrenamer_testdata/leica_navigator/05_C/raw/TileScan 5_E11_ch01.tif|C:/Users/Hugo/Documents/GitHub/htmrenamer_testdata/leica_navigator/05_C/testplate/W0059--E11--059/P001--E11--059/testplate--E11--059--W0059--P001--T0000--Z000--C01.tif
C:/Users/Hugo/Documents/GitHub/htmrenamer_testdata/leica_navigator/05_C/raw/TileScan 5_E12_ch00.tif|C:/Users/Hugo/Documents/GitHub/htmrenamer_testdata/leica_navigator/05_C/testplate/W0060--E12--060/P001--E12--060/testplate--E12--060--W0060--P001--T0000--Z000--C00.tif
C:/Users/Hugo/Documents/GitHub/htmrenamer_testdata/leica_navigator/05_C/raw/TileScan 5_E12_ch01.tif|C:/Users/Hugo/Documents/GitHub/htmrenamer_testdata/leica_navigator/05_C/testplate/W0060--E12--060/P001--E12--060/testplate--E12--060--W0060--P001--T0000--Z000--C01.tif
C:/Users/Hugo/Documents/GitHub/htmrenamer_testdata/leica_navigator/05_C/raw/TileScan 5_E2_ch00.tif|C:/Users/Hugo/Documents/GitHub/htmrenamer_testdata/leica_navigator/05_C/testplate/W0050--E02--050/P001--E02--050/testplate--E02--050--W0050--P001--T0000--Z000--C00.tif
C:/Users/Hugo/Documents/GitHub/htmrenamer_testdata/leica_navigator/05_C/raw/TileScan 5_E2_ch01.tif|C:/Users/Hugo/Documents/GitHub/htmrenamer_testdata/leica_navigator/05_C/testplate/W0050--E02--050/P001--E02--050/testplate--E02--050--W0050--P001--T0000--Z000--C01.tif
C:/Users/Hugo/Documents/GitHub/htmrenamer_testdata/leica_navigator/05_C/raw/TileScan 5_E3_ch00.tif|C:/Users/Hugo/Documents/GitHub/htmrenamer_testdata/leica_navigator/05_C/testplate/W0051--E03--051/P001--E03--051/testplate--E03--051--W0051--P001--T0000--Z000--C00.tif
C:/Users/Hugo/Documents/GitHub/htmrenamer_testdata/leica_navigator/05_C/raw/TileScan 5_E3_ch01.tif|C:/Users/Hugo/Documents/GitHub/htmrenamer_testdata/leica_navigator/05_C/testplate/W0051--E03--051/P001--E03--051/testplate--E03--051--W0051--P001--T0000--Z000--C01.tif
C:/Users/Hugo/Documents/GitHub/htmrenamer_testdata/leica_navigator/05_C/raw/TileScan 5_E4_ch00.tif|C:/Users/Hugo/Documents/GitHub/htmrenamer_testdata/leica_navigator/05_C/testplate/W0052--E04--052/P001--E04--052/testplate--E04--052--W0052--P001--T0000--Z000--C00.tif
C:/Users/Hugo/Documents/GitHub/htmrenamer_testdata/leica_navigator/05_C/raw/TileScan 5_E4_ch01.tif|C:/Users/Hugo/Documents/GitHub/htmrenamer_testdata/leica_navigator/05_C/testplate/W0052--E04--052/P001--E04--052/testplate--E04--052--W0052--P001--T0000--Z000--C01.tif
C:/Users/Hugo/Documents/GitHub/htmrenamer_testdata/leica_navigator/05_C/raw/TileScan 5_E5_ch00.tif|C:/Users/Hugo/Documents/GitHub/htmrenamer_testdata/leica_navigator/05_C/testplate/W0053--E05--053/P001--E05--053/testplate--E05--053--W0053--P001--T0000--Z000--C00.tif
C:/Users/Hugo/Documents/GitHub/htmrenamer_testdata/leica_navigator/05_C/raw/TileScan 5_E5_ch01.tif|C:/Users/Hugo/Documents/GitHub/htmrenamer_testdata/leica_navigator/05_C/testplate/W0053--E05--053/P001--E05--053/testplate--E05--053--W0053--P001--T0000--Z000--C01.tif
C:/Users/Hugo/Documents/GitHub/htmrenamer_testdata/leica_navigator/05_C/raw/TileScan 5_E6_ch00.tif|C:/Users/Hugo/Documents/GitHub/htmrenamer_testdata/leica_navigator/05_C/testplate/W0054--E06--054/P001--E06--054/testplate--E06--054--W0054--P001--T0000--Z000--C00.tif
C:/Users/Hugo/Documents/GitHub/htmrenamer_testdata/leica_navigator/05_C/raw/TileScan 5_E6_ch01.tif|C:/Users/Hugo/Documents/GitHub/htmrenamer_testdata/leica_navigator/05_C/testplate/W0054--E06--054/P001--E06--054/testplate--E06--054--W0054--P001--T0000--Z000--C01.tif
C:/Users/Hugo/Documents/GitHub/htmrenamer_testdata/leica_navigator/05_C/raw/TileScan 5_E7_ch00.tif|C:/Users/Hugo/Documents/GitHub/htmrenamer_testdata/leica_navigator/05_C/testplate/W0055--E07--055/P001--E07--055/testplate--E07--055--W0055--P001--T0000--Z000--C00.tif
C:/Users/Hugo/Documents/GitHub/htmrenamer_testdata/leica_navigator/05_C/raw/TileScan 5_E7_ch01.tif|C:/Users/Hugo/Documents/GitHub/htmrenamer_testdata/leica_navigator/05_C/testplate/W0055--E07--055/P001--E07--055/testplate--E07--055--W0055--P001--T0000--Z000--C01.tif
C:/Users/Hugo/Documents/GitHub/htmrenamer_testdata/leica_navigator/05_C/raw/TileScan 5_E8_ch00.tif|C:/Users/Hugo/Documents/GitHub/htmrenamer_testdata/leica_navigator/05_C/testplate/W0056--E08--056/P001--E08--056/testplate--E08--056--W0056--P001--T0000--Z000--C00.tif
C:/Users/Hugo/Documents/GitHub/htmrenamer_testdata/leica_navigator/05_C/raw/TileScan 5_E8_ch01.tif|C:/Users/Hugo/Documents/GitHub/htmrenamer_testdata/leica_navigator/05_C/testplate/W0056--E08--056/P001--E08--056/testplate--E08--056--W0056--P001--T0000--Z000--C01.tif
C:/Users/Hugo/Documents/GitHub/htmrenamer_testdata/leica_navigator/05_C/raw/TileScan 5_E9_ch00.tif|C:/Users/Hugo/Documents/GitHub/htmrenamer_testdata/leica_navigator/05_C/testplate/W0057--E09--057/P001--E09--057/testplate--E09--057--W0057--P001--T0000--Z000--C00.tif
C:/Users/Hugo/Documents/GitHub/htmrenamer_testdata/leica_navigator/05_C/raw/TileScan 5_E9_ch01.tif|C:/Users/Hugo/Documents/GitHub/htmrenamer_testdata/leica_navigator/05_C/testplate/W0057--E09--057/P001--E09--057/testplate--E09--057--W0057--P001--T0000--Z000--C01.tif
C:/Users/Hugo/Documents/GitHub/htmrenamer_testdata/leica_navigator/05_C/raw/TileScan 5_F1_ch00.tif|C:/Users/Hugo/Documents/GitHub/htmrenamer_testdata/leica_navigator/05_C/testplate/W0061--F01--061/P001--F01--061/testplate--F01--061--W0061--P001--T0000--Z000--C00.tif
C:/Users/Hugo/Documents/GitHub/htmrenamer_testdata/leica_navigator/05_C/raw/TileScan 5_F1_ch01.tif|C:/Users/Hugo/Documents/GitHub/htmrenamer_testdata/leica_navigator/05_C/testplate/W0061--F01--061/P001--F01--061/testplate--F01--061--W0061--P001--T0000--Z000--C01.tif
C:/Users/Hugo/Documents/GitHub/htmrenamer_testdata/leica_navigator/05_C/raw/TileScan 5_F10_ch00.tif|C:/Users/Hugo/Documents/GitHub/htmrenamer_testdata/leica_navigator/05_C/testplate/W0070--F10--070/P001--F10--070/testplate--F10--070--W0070--P001--T0000--Z000--C00.tif
C:/Users/Hugo/Documents/GitHub/htmrenamer_testdata/leica_navigator/05_C/raw/TileScan 5_F10_ch01.tif|C:/Users/Hugo/Documents/GitHub/htmrenamer_testdata/leica_navigator/05_C/testplate/W0070--F10--070/P001--F10--070/testplate--F10--070--W0070--P001--T0000--Z000--C01.tif
C:/Users/Hugo/Documents/GitHub/htmrenamer_testdata/leica_navigator/05_C/raw/TileScan 5_F11_ch00.tif|C:/Users/Hugo/Documents/GitHub/htmrenamer_testdata/leica_navigator/05_C/testplate/W0071--F11--071/P001--F11--071/testplate--F11--071--W0071--P001--T0000--Z000--C00.tif
C:/Users/Hugo/Documents/GitHub/htmrenamer_testdata/leica_navigator/05_C/raw/TileScan 5_F11_ch01.tif|C:/Users/Hugo/Documents/GitHub/htmrenamer_testdata/leica_navigator/05_C/testplate/W0071--F11--071/P001--F11--071/testplate--F11--071--W0071--P001--T0000--Z000--C01.tif
C:/Users/Hugo/Documents/GitHub/htmrenamer_testdata/leica_navigator/05_C/raw/TileScan 5_F12_ch00.tif|C:/Users/Hugo/Documents/GitHub/htmrenamer_testdata/leica_navigator/05_C/testplate/W0072--F12--072/P001--F12--072/testplate--F12--072--W0072--P001--T0000--Z000--C00.tif
C:/Users/Hugo/Documents/GitHub/htmrenamer_testdata/leica_navigator/05_C/raw/TileScan 5_F12_ch01.tif|C:/Users/Hugo/Documents/GitHub/htmrenamer_testdata/leica_navigator/05_C/testplate/W0072--F12--072/P001--F12--072/testplate--F12--072--W0072--P001--T0000--Z000--C01.tif
C:/Users/Hugo/Documents/GitHub/htmrenamer_testdata/leica_navigator/05_C/raw/TileScan 5_F2_ch00.tif|C:/Users/Hugo/Documents/GitHub/htmrenamer_testdata/leica_navigator/05_C/testplate/W0062--F02--062/P001--F02--062/testplate--F02--062--W0062--P001--T0000--Z000--C00.tif
C:/Users/Hugo/Documents/GitHub/htmrenamer_testdata/leica_navigator/05_C/raw/TileScan 5_F2_ch01.tif|C:/Users/Hugo/Documents/GitHub/htmrenamer_testdata/leica_navigator/05_C/testplate/W0062--F02--062/P001--F02--062/testplate--F02--062--W0062--P001--T0000--Z000--C01.tif
C:/Users/Hugo/Documents/GitHub/htmrenamer_testdata/leica_navigator/05_C/raw/TileScan 5_F3_ch00.tif|C:/Users/Hugo/Documents/GitHub/htmrenamer_testdata/leica_navigator/05_C/testplate/W0063--F03--063/P001--F03--063/testplate--F03--063--W0063--P001--T0000--Z000--C00.tif
C:/Users/Hugo/Documents/GitHub/htmrenamer_testdata/leica_navigator/05_C/raw/TileScan 5_F3_ch01.tif|C:/Users/Hugo/Documents/GitHub/htmrenamer_testdata/leica_navigator/05_C/testplate/W0063--F03--063/P001--F03--063/testplate--F03--063--W0063--P001--T0000--Z000--C01.tif
C:/Users/Hugo/Documents/GitHub/htmrenamer_testdata/leica_navigator/05_C/raw/TileScan 5_F4_ch00.tif|C:/Users/Hugo/Documents/GitHub/htmrenamer_testdata/leica_navigator/05_C/testplate/W0064--F04--064/P001--F04--064/testplate--F04--064--W0064--P001--T0000--Z000--C00.tif
C:/Users/Hugo/Documents/GitHub/htmrenamer_testdata/leica_navigator/05_C/raw/TileScan 5_F4_ch01.tif|C:/Users/Hugo/Documents/GitHub/htmrenamer_testdata/leica_navigator/05_C/testplate/W0064--F04--064/P001--F04--064/testplate--F04--064--W0064--P001--T0000--Z000--C01.tif
C:/Users/Hugo/Documents/GitHub/htmrenamer_testdata/leica_navigator/05_C/raw/TileScan 5_F5_ch00.tif|C:/Users/Hugo/Documents/GitHub/htmrenamer_testdata/leica_navigator/05_C/testplate/W0065--F05--065/P001--F05--065/testplate--F05--065--W0065--P001--T0000--Z000--C00.tif
C:/Users/Hugo/Documents/GitHub/htmrenamer_testdata/leica_navigator/05_C/raw/TileScan 5_F5_ch01.tif|C:/Users/Hugo/Documents/GitHub/htmrenamer_testdata/leica_navigator/05_C/testplate/W0065--F05--065/P001--F05--065/testplate--F05--065--W0065--P001--T0000--Z000--C01.tif
C:/Users/Hugo/Documents/GitHub/htmrenamer_testdata/leica_navigator/05_C/raw/TileScan 5_F6_ch00.tif|C:/Users/Hugo/Documents/GitHub/htmrenamer_testdata/leica_navigator/05_C/testplate/W0066--F06--066/P001--F06--066/testplate--F06--066--W0066--P001--T0000--Z000--C00.tif
C:/Users/Hugo/Documents/GitHub/htmrenamer_testdata/leica_navigator/05_C/raw/TileScan 5_F6_ch01.tif|C:/Users/Hugo/Documents/GitHub/htmrenamer_testdata/leica_navigator/05_C/testplate/W0066--F06--066/P001--F06--066/testplate--F06--066--W0066--P001--T0000--Z000--C01.tif
C:/Users/Hugo/Documents/GitHub/htmrenamer_testdata/leica_navigator/05_C/raw/TileScan 5_F7_ch00.tif|C:/Users/Hugo/Documents/GitHub/htmrenamer_testdata/leica_navigator/05_C/testplate/W0067--F07--067/P001--F07--067/testplate--F07--067--W0067--P001--T0000--Z000--C00.tif
C:/Users/Hugo/Documents/GitHub/htmrenamer_testdata/leica_navigator/05_C/raw/TileScan 5_F7_ch01.tif|C:/Users/Hugo/Documents/GitHub/htmrenamer_testdata/leica_navigator/05_C/testplate/W0067--F07--067/P001--F07--067/testplate--F07--067--W0067--P001--T0000--Z000--C01.tif
C:/Users/Hugo/Documents/GitHub/htmrenamer_testdata/leica_navigator/05_C/raw/TileScan 5_F8_ch00.tif|C:/Users/Hugo/Documents/GitHub/htmrenamer_testdata/leica_navigator/05_C/testplate/W0068--F08--068/P001--F08--068/testplate--F08--068--W0068--P001--T0000--Z000--C00.tif
C:/Users/Hugo/Documents/GitHub/htmrenamer_testdata/leica_navigator/05_C/raw/TileScan 5_F8_ch01.tif|C:/Users/Hugo/Documents/GitHub/htmrenamer_testdata/leica_navigator/05_C/testplate/W0068--F08--068/P001--F08--068/testplate--F08--068--W0068--P001--T0000--Z000--C01.tif
C:/Users/Hugo/Documents/GitHub/htmrenamer_testdata/leica_navigator/05_C/raw/TileScan 5_F9_ch00.tif|C:/Users/Hugo/Documents/GitHub/htmrenamer_testdata/leica_navigator/05_C/testplate/W0069--F09--069/P001--F09--069/testplate--F09--069--W0069--P001--T0000--Z000--C00.tif
C:/Users/Hugo/Documents/GitHub/htmrenamer_testdata/leica_navigator/05_C/raw/TileScan 5_F9_ch01.tif|C:/Users/Hugo/Documents/GitHub/htmrenamer_testdata/leica_navigator/05_C/testplate/W0069--F09--069/P001--F09--069/testplate--F09--069--W0069--P001--T0000--Z000--C01.tif
C:/Users/Hugo/Documents/GitHub/htmrenamer_testdata/leica_navigator/05_C/raw/TileScan 5_G1_ch00.tif|C:/Users/Hugo/Documents/GitHub/htmrenamer_testdata/leica_navigator/05_C/testplate/W0073--G01--073/P001--G01--073/testplate--G01--073--W0073--P001--T0000--Z000--C00.tif
C:/Users/Hugo/Documents/GitHub/htmrenamer_testdata/leica_navigator/05_C/raw/TileScan 5_G1_ch01.tif|C:/Users/Hugo/Documents/GitHub/htmrenamer_testdata/leica_navigator/05_C/testplate/W0073--G01--073/P001--G01--073/testplate--G01--073--W0073--P001--T0000--Z000--C01.tif
C:/Users/Hugo/Documents/GitHub/htmrenamer_testdata/leica_navigator/05_C/raw/TileScan 5_G10_ch00.tif|C:/Users/Hugo/Documents/GitHub/htmrenamer_testdata/leica_navigator/05_C/testplate/W0082--G10--082/P001--G10--082/testplate--G10--082--W0082--P001--T0000--Z000--C00.tif
C:/Users/Hugo/Documents/GitHub/htmrenamer_testdata/leica_navigator/05_C/raw/TileScan 5_G10_ch01.tif|C:/Users/Hugo/Documents/GitHub/htmrenamer_testdata/leica_navigator/05_C/testplate/W0082--G10--082/P001--G10--082/testplate--G10--082--W0082--P001--T0000--Z000--C01.tif
C:/Users/Hugo/Documents/GitHub/htmrenamer_testdata/leica_navigator/05_C/raw/TileScan 5_G11_ch00.tif|C:/Users/Hugo/Documents/GitHub/htmrenamer_testdata/leica_navigator/05_C/testplate/W0083--G11--083/P001--G11--083/testplate--G11--083--W0083--P001--T0000--Z000--C00.tif
C:/Users/Hugo/Documents/GitHub/htmrenamer_testdata/leica_navigator/05_C/raw/TileScan 5_G11_ch01.tif|C:/Users/Hugo/Documents/GitHub/htmrenamer_testdata/leica_navigator/05_C/testplate/W0083--G11--083/P001--G11--083/testplate--G11--083--W0083--P001--T0000--Z000--C01.tif
C:/Users/Hugo/Documents/GitHub/htmrenamer_testdata/leica_navigator/05_C/raw/TileScan 5_G12_ch00.tif|C:/Users/Hugo/Documents/GitHub/htmrenamer_testdata/leica_navigator/05_C/testplate/W0084--G12--084/P001--G12--084/testplate--G12--084--W0084--P001--T0000--Z000--C00.tif
C:/Users/Hugo/Documents/GitHub/htmrenamer_testdata/leica_navigator/05_C/raw/TileScan 5_G12_ch01.tif|C:/Users/Hugo/Documents/GitHub/htmrenamer_testdata/leica_navigator/05_C/testplate/W0084--G12--084/P001--G12--084/testplate--G12--084--W0084--P001--T0000--Z000--C01.tif
C:/Users/Hugo/Documents/GitHub/htmrenamer_testdata/leica_navigator/05_C/raw/TileScan 5_G2_ch00.tif|C:/Users/Hugo/Documents/GitHub/htmrenamer_testdata/leica_navigator/05_C/testplate/W0074--G02--074/P001--G02--074/testplate--G02--074--W0074--P001--T0000--Z000--C00.tif
C:/Users/Hugo/Documents/GitHub/htmrenamer_testdata/leica_navigator/05_C/raw/TileScan 5_G2_ch01.tif|C:/Users/Hugo/Documents/GitHub/htmrenamer_testdata/leica_navigator/05_C/testplate/W0074--G02--074/P001--G02--074/testplate--G02--074--W0074--P001--T0000--Z000--C01.tif
C:/Users/Hugo/Documents/GitHub/htmrenamer_testdata/leica_navigator/05_C/raw/TileScan 5_G3_ch00.tif|C:/Users/Hugo/Documents/GitHub/htmrenamer_testdata/leica_navigator/05_C/testplate/W0075--G03--075/P001--G03--075/testplate--G03--075--W0075--P001--T0000--Z000--C00.tif
C:/Users/Hugo/Documents/GitHub/htmrenamer_testdata/leica_navigator/05_C/raw/TileScan 5_G3_ch01.tif|C:/Users/Hugo/Documents/GitHub/htmrenamer_testdata/leica_navigator/05_C/testplate/W0075--G03--075/P001--G03--075/testplate--G03--075--W0075--P001--T0000--Z000--C01.tif
C:/Users/Hugo/Documents/GitHub/htmrenamer_testdata/leica_navigator/05_C/raw/TileScan 5_G4_ch00.tif|C:/Users/Hugo/Documents/GitHub/htmrenamer_testdata/leica_navigator/05_C/testplate/W0076--G04--076/P001--G04--076/testplate--G04--076--W0076--P001--T0000--Z000--C00.tif
C:/Users/Hugo/Documents/GitHub/htmrenamer_testdata/leica_navigator/05_C/raw/TileScan 5_G4_ch01.tif|C:/Users/Hugo/Documents/GitHub/htmrenamer_testdata/leica_navigator/05_C/testplate/W0076--G04--076/P001--G04--076/testplate--G04--076--W0076--P001--T0000--Z000--C01.tif
C:/Users/Hugo/Documents/GitHub/htmrenamer_testdata/leica_navigator/05_C/raw/TileScan 5_G5_ch00.tif|C:/Users/Hugo/Documents/GitHub/htmrenamer_testdata/leica_navigator/05_C/testplate/W0077--G05--077/P001--G05--077/testplate--G05--077--W0077--P001--T0000--Z000--C00.tif
C:/Users/Hugo/Documents/GitHub/htmrenamer_testdata/leica_navigator/05_C/raw/TileScan 5_G5_ch01.tif|C:/Users/Hugo/Documents/GitHub/htmrenamer_testdata/leica_navigator/05_C/testplate/W0077--G05--077/P001--G05--077/testplate--G05--077--W0077--P001--T0000--Z000--C01.tif
C:/Users/Hugo/Documents/GitHub/htmrenamer_testdata/leica_navigator/05_C/raw/TileScan 5_G6_ch00.tif|C:/Users/Hugo/Documents/GitHub/htmrenamer_testdata/leica_navigator/05_C/testplate/W0078--G06--078/P001--G06--078/testplate--G06--078--W0078--P001--T0000--Z000--C00.tif
C:/Users/Hugo/Documents/GitHub/htmrenamer_testdata/leica_navigator/05_C/raw/TileScan 5_G6_ch01.tif|C:/Users/Hugo/Documents/GitHub/htmrenamer_testdata/leica_navigator/05_C/testplate/W0078--G06--078/P001--G06--078/testplate--G06--078--W0078--P001--T0000--Z000--C01.tif
C:/Users/Hugo/Documents/GitHub/htmrenamer_testdata/leica_navigator/05_C/raw/TileScan 5_G7_ch00.tif|C:/Users/Hugo/Documents/GitHub/htmrenamer_testdata/leica_navigator/05_C/testplate/W0079--G07--079/P001--G07--079/testplate--G07--079--W0079--P001--T0000--Z000--C00.tif
C:/Users/Hugo/Documents/GitHub/htmrenamer_testdata/leica_navigator/05_C/raw/TileScan 5_G7_ch01.tif|C:/Users/Hugo/Documents/GitHub/htmrenamer_testdata/leica_navigator/05_C/testplate/W0079--G07--079/P001--G07--079/testplate--G07--079--W0079--P001--T0000--Z000--C01.tif
C:/Users/Hugo/Documents/GitHub/htmrenamer_testdata/leica_navigator/05_C/raw/TileScan 5_G8_ch00.tif|C:/Users/Hugo/Documents/GitHub/htmrenamer_testdata/leica_navigator/05_C/testplate/W0080--G08--080/P001--G08--080/testplate--G08--080--W0080--P001--T0000--Z000--C00.tif
C:/Users/Hugo/Documents/GitHub/htmrenamer_testdata/leica_navigator/05_C/raw/TileScan 5_G8_ch01.tif|C:/Users/Hugo/Documents/GitHub/htmrenamer_testdata/leica_navigator/05_C/testplate/W0080--G08--080/P001--G08--080/testplate--G08--080--W0080--P001--T0000--Z000--C01.tif
C:/Users/Hugo/Documents/GitHub/htmrenamer_testdata/leica_navigator/05_C/raw/TileScan 5_G9_ch00.tif|C:/Users/Hugo/Documents/GitHub/htmrenamer_testdata/leica_navigator/05_C/testplate/W0081--G09--081/P001--G09--081/testplate--G09--081--W0081--P001--T0000--Z000--C00.tif
C:/Users/Hugo/Documents/GitHub/htmrenamer_testdata/leica_navigator/05_C/raw/TileScan 5_G9_ch01.tif|C:/Users/Hugo/Documents/GitHub/htmrenamer_testdata/leica_navigator/05_C/testplate/W0081--G09--081/P001--G09--081/testplate--G09--081--W0081--P001--T0000--Z000--C01.tif
C:/Users/Hugo/Documents/GitHub/htmrenamer_testdata/leica_navigator/05_C/raw/TileScan 5_H1_ch00.tif|C:/Users/Hugo/Documents/GitHub/htmrenamer_testdata/leica_navigator/05_C/testplate/W0085--H01--085/P001--H01--085/testplate--H01--085--W0085--P001--T0000--Z000--C00.tif
C:/Users/Hugo/Documents/GitHub/htmrenamer_testdata/leica_navigator/05_C/raw/TileScan 5_H1_ch01.tif|C:/Users/Hugo/Documents/GitHub/htmrenamer_testdata/leica_navigator/05_C/testplate/W0085--H01--085/P001--H01--085/testplate--H01--085--W0085--P001--T0000--Z000--C01.tif
C:/Users/Hugo/Documents/GitHub/htmrenamer_testdata/leica_navigator/05_C/raw/TileScan 5_H10_ch00.tif|C:/Users/Hugo/Documents/GitHub/htmrenamer_testdata/leica_navigator/05_C/testplate/W0094--H10--094/P001--H10--094/testplate--H10--094--W0094--P001--T0000--Z000--C00.tif
C:/Users/Hugo/Documents/GitHub/htmrenamer_testdata/leica_navigator/05_C/raw/TileScan 5_H10_ch01.tif|C:/Users/Hugo/Documents/GitHub/htmrenamer_testdata/leica_navigator/05_C/testplate/W0094--H10--094/P001--H10--094/testplate--H10--094--W0094--P001--T0000--Z000--C01.tif
C:/Users/Hugo/Documents/GitHub/htmrenamer_testdata/leica_navigator/05_C/raw/TileScan 5_H11_ch00.tif|C:/Users/Hugo/Documents/GitHub/htmrenamer_testdata/leica_navigator/05_C/testplate/W0095--H11--095/P001--H11--095/testplate--H11--095--W0095--P001--T0000--Z000--C00.tif
C:/Users/Hugo/Documents/GitHub/htmrenamer_testdata/leica_navigator/05_C/raw/TileScan 5_H11_ch01.tif|C:/Users/Hugo/Documents/GitHub/htmrenamer_testdata/leica_navigator/05_C/testplate/W0095--H11--095/P001--H11--095/testplate--H11--095--W0095--P001--T0000--Z000--C01.tif
C:/Users/Hugo/Documents/GitHub/htmrenamer_testdata/leica_navigator/05_C/raw/TileScan 5_H12_ch00.tif|C:/Users/Hugo/Documents/GitHub/htmrenamer_testdata/leica_navigator/05_C/testplate/W0096--H12--096/P001--H12--096/testplate--H12--096--W0096--P001--T0000--Z000--C00.tif
C:/Users/Hugo/Documents/GitHub/htmrenamer_testdata/leica_navigator/05_C/raw/TileScan 5_H12_ch01.tif|C:/Users/Hugo/Documents/GitHub/htmrenamer_testdata/leica_navigator/05_C/testplate/W0096--H12--096/P001--H12--096/testplate--H12--096--W0096--P001--T0000--Z000--C01.tif
C:/Users/Hugo/Documents/GitHub/htmrenamer_testdata/leica_navigator/05_C/raw/TileScan 5_H2_ch00.tif|C:/Users/Hugo/Documents/GitHub/htmrenamer_testdata/leica_navigator/05_C/testplate/W0086--H02--086/P001--H02--086/testplate--H02--086--W0086--P001--T0000--Z000--C00.tif
C:/Users/Hugo/Documents/GitHub/htmrenamer_testdata/leica_navigator/05_C/raw/TileScan 5_H2_ch01.tif|C:/Users/Hugo/Documents/GitHub/htmrenamer_testdata/leica_navigator/05_C/testplate/W0086--H02--086/P001--H02--086/testplate--H02--086--W0086--P001--T0000--Z000--C01.tif
C:/Users/Hugo/Documents/GitHub/htmrenamer_testdata/leica_navigator/05_C/raw/TileScan 5_H3_ch00.tif|C:/Users/Hugo/Documents/GitHub/htmrenamer_testdata/leica_navigator/05_C/testplate/W0087--H03--087/P001--H03--087/testplate--H03--087--W0087--P001--T0000--Z000--C00.tif
C:/Users/Hugo/Documents/GitHub/htmrenamer_testdata/leica_navigator/05_C/raw/TileScan 5_H3_ch01.tif|C:/Users/Hugo/Documents/GitHub/htmrenamer_testdata/leica_navigator/05_C/testplate/W0087--H03--087/P001--H03--087/testplate--H03--087--W0087--P001--T0000--Z000--C01.tif
C:/Users/Hugo/Documents/GitHub/htmrenamer_testdata/leica_navigator/05_C/raw/TileScan 5_H4_ch00.tif|C:/Users/Hugo/Documents/GitHub/htmrenamer_testdata/leica_navigator/05_C/testplate/W0088--H04--088/P001--H04--088/testplate--H04--088--W0088--P001--T0000--Z000--C00.tif
C:/Users/Hugo/Documents/GitHub/htmrenamer_testdata/leica_navigator/05_C/raw/TileScan 5_H4_ch01.tif|C:/Users/Hugo/Documents/GitHub/htmrenamer_testdata/leica_navigator/05_C/testplate/W0088--H04--088/P001--H04--088/testplate--H04--088--W0088--P001--T0000--Z000--C01.tif
C:/Users/Hugo/Documents/GitHub/htmrenamer_testdata/leica_navigator/05_C/raw/TileScan 5_H5_ch00.tif|C:/Users/Hugo/Documents/GitHub/htmrenamer_testdata/leica_navigator/05_C/testplate/W0089--H05--089/P001--H05--089/testplate--H05--089--W0089--P001--T0000--Z000--C00.tif
C:/Users/Hugo/Documents/GitHub/htmrenamer_testdata/leica_navigator/05_C/raw/TileScan 5_H5_ch01.tif|C:/Users/Hugo/Documents/GitHub/htmrenamer_testdata/leica_navigator/05_C/testplate/W0089--H05--089/P001--H05--089/testplate--H05--089--W0089--P001--T0000--Z000--C01.tif
C:/Users/Hugo/Documents/GitHub/htmrenamer_testdata/leica_navigator/05_C/raw/TileScan 5_H6_ch00.tif|C:/Users/Hugo/Documents/GitHub/htmrenamer_testdata/leica_navigator/05_C/testplate/W0090--H06--090/P001--H06--090/testplate--H06--090--W0090--P001--T0000--Z000--C00.tif
C:/Users/Hugo/Documents/GitHub/htmrenamer_testdata/leica_navigator/05_C/raw/TileScan 5_H6_ch01.tif|C:/Users/Hugo/Documents/GitHub/htmrenamer_testdata/leica_navigator/05_C/testplate/W0090--H06--090/P001--H06--090/testplate--H06--090--W0090--P001--T0000--Z000--C01.tif
C:/Users/Hugo/Documents/GitHub/htmrenamer_testdata/leica_navigator/05_C/raw/TileScan 5_H7_ch00.tif|C:/Users/Hugo/Documents/GitHub/htmrenamer_testdata/leica_navigator/05_C/testplate/W0091--H07--091/P001--H07--091/testplate--H07--091--W0091--P001--T0000--Z000--C00.tif
C:/Users/Hugo/Documents/GitHub/htmrenamer_testdata/leica_navigator/05_C/raw/TileScan 5_H7_ch01.tif|C:/Users/Hugo/Documents/GitHub/htmrenamer_testdata/leica_navigator/05_C/testplate/W0091--H07--091/P001--H07--091/testplate--H07--091--W0091--P001--T0000--Z000--C01.tif
C:/Users/Hugo/Documents/GitHub/htmrenamer_testdata/leica_navigator/05_C/raw/TileScan 5_H8_ch00.tif|C:/Users/Hugo/Documents/GitHub/htmrenamer_testdata/leica_navigator/05_C/testplate/W0092--H08--092/P001--H08--092/testplate--H08--092--W0092--P001--T0000--Z000--C00.tif
C:/Users/Hugo/Documents/GitHub/htmrenamer_testdata/leica_navigator/05_C/raw/TileScan 5_H8_ch01.tif|C:/Users/Hugo/Documents/GitHub/htmrenamer_testdata/leica_navigator/05_C/testplate/W0092--H08--092/P001--H08--092/testplate--H08--092--W0092--P001--T0000--Z000--C01.tif
C:/Users/Hugo/Documents/GitHub/htmrenamer_testdata/leica_navigator/05_C/raw/TileScan 5_H9_ch00.tif|C:/Users/Hugo/Documents/GitHub/htmrenamer_testdata/leica_navigator/05_C/testplate/W0093--H09--093/P001--H09--093/testplate--H09--093--W0093--P001--T0000--Z000--C00.tif
C:/Users/Hugo/Documents/GitHub/htmrenamer_testdata/leica_navigator/05_C/raw/TileScan 5_H9_ch01.tif|C:/Users/Hugo/Documents/GitHub/htmrenamer_testdata/leica_navigator/05_C/testplate/W0093--H09--093/P001--H09--093/testplate--H09--093--W0093--P001--T0000--Z000--C01.tif
