Lossless tiff compression using 'Deflate'
Raw Filename|Renamed Filename
C:/Users/Hugo/AppData/Local/Temp/RtmpI5fMtE/raw/TileScan 3_A1-1_z0_ch00.tif|C:/Users/Hugo/AppData/Local/Temp/RtmpI5fMtE/testplate/W0001--A01--001/P001--A01--001/testplate--A01--001--W0001--P001--T0000--Z000--C00.tif
C:/Users/Hugo/AppData/Local/Temp/RtmpI5fMtE/raw/TileScan 3_A1-1_z0_ch01.tif|C:/Users/Hugo/AppData/Local/Temp/RtmpI5fMtE/testplate/W0001--A01--001/P001--A01--001/testplate--A01--001--W0001--P001--T0000--Z000--C01.tif
C:/Users/Hugo/AppData/Local/Temp/RtmpI5fMtE/raw/TileScan 3_A1-1_z1_ch00.tif|C:/Users/Hugo/AppData/Local/Temp/RtmpI5fMtE/testplate/W0001--A01--001/P001--A01--001/testplate--A01--001--W0001--P001--T0000--Z001--C00.tif
C:/Users/Hugo/AppData/Local/Temp/RtmpI5fMtE/raw/TileScan 3_A1-1_z1_ch01.tif|C:/Users/Hugo/AppData/Local/Temp/RtmpI5fMtE/testplate/W0001--A01--001/P001--A01--001/testplate--A01--001--W0001--P001--T0000--Z001--C01.tif
C:/Users/Hugo/AppData/Local/Temp/RtmpI5fMtE/raw/TileScan 3_A1-1_z2_ch00.tif|C:/Users/Hugo/AppData/Local/Temp/RtmpI5fMtE/testplate/W0001--A01--001/P001--A01--001/testplate--A01--001--W0001--P001--T0000--Z002--C00.tif
C:/Users/Hugo/AppData/Local/Temp/RtmpI5fMtE/raw/TileScan 3_A1-1_z2_ch01.tif|C:/Users/Hugo/AppData/Local/Temp/RtmpI5fMtE/testplate/W0001--A01--001/P001--A01--001/testplate--A01--001--W0001--P001--T0000--Z002--C01.tif
C:/Users/Hugo/AppData/Local/Temp/RtmpI5fMtE/raw/TileScan 3_A1-1_z3_ch00.tif|C:/Users/Hugo/AppData/Local/Temp/RtmpI5fMtE/testplate/W0001--A01--001/P001--A01--001/testplate--A01--001--W0001--P001--T0000--Z003--C00.tif
C:/Users/Hugo/AppData/Local/Temp/RtmpI5fMtE/raw/TileScan 3_A1-1_z3_ch01.tif|C:/Users/Hugo/AppData/Local/Temp/RtmpI5fMtE/testplate/W0001--A01--001/P001--A01--001/testplate--A01--001--W0001--P001--T0000--Z003--C01.tif
C:/Users/Hugo/AppData/Local/Temp/RtmpI5fMtE/raw/TileScan 3_A1-1_z4_ch00.tif|C:/Users/Hugo/AppData/Local/Temp/RtmpI5fMtE/testplate/W0001--A01--001/P001--A01--001/testplate--A01--001--W0001--P001--T0000--Z004--C00.tif
C:/Users/Hugo/AppData/Local/Temp/RtmpI5fMtE/raw/TileScan 3_A1-1_z4_ch01.tif|C:/Users/Hugo/AppData/Local/Temp/RtmpI5fMtE/testplate/W0001--A01--001/P001--A01--001/testplate--A01--001--W0001--P001--T0000--Z004--C01.tif
C:/Users/Hugo/AppData/Local/Temp/RtmpI5fMtE/raw/TileScan 3_A1-2_z0_ch00.tif|C:/Users/Hugo/AppData/Local/Temp/RtmpI5fMtE/testplate/W0001--A01--001/P002--A01--001/testplate--A01--001--W0001--P002--T0000--Z000--C00.tif
C:/Users/Hugo/AppData/Local/Temp/RtmpI5fMtE/raw/TileScan 3_A1-2_z0_ch01.tif|C:/Users/Hugo/AppData/Local/Temp/RtmpI5fMtE/testplate/W0001--A01--001/P002--A01--001/testplate--A01--001--W0001--P002--T0000--Z000--C01.tif
C:/Users/Hugo/AppData/Local/Temp/RtmpI5fMtE/raw/TileScan 3_A1-2_z1_ch00.tif|C:/Users/Hugo/AppData/Local/Temp/RtmpI5fMtE/testplate/W0001--A01--001/P002--A01--001/testplate--A01--001--W0001--P002--T0000--Z001--C00.tif
C:/Users/Hugo/AppData/Local/Temp/RtmpI5fMtE/raw/TileScan 3_A1-2_z1_ch01.tif|C:/Users/Hugo/AppData/Local/Temp/RtmpI5fMtE/testplate/W0001--A01--001/P002--A01--001/testplate--A01--001--W0001--P002--T0000--Z001--C01.tif
C:/Users/Hugo/AppData/Local/Temp/RtmpI5fMtE/raw/TileScan 3_A1-2_z2_ch00.tif|C:/Users/Hugo/AppData/Local/Temp/RtmpI5fMtE/testplate/W0001--A01--001/P002--A01--001/testplate--A01--001--W0001--P002--T0000--Z002--C00.tif
C:/Users/Hugo/AppData/Local/Temp/RtmpI5fMtE/raw/TileScan 3_A1-2_z2_ch01.tif|C:/Users/Hugo/AppData/Local/Temp/RtmpI5fMtE/testplate/W0001--A01--001/P002--A01--001/testplate--A01--001--W0001--P002--T0000--Z002--C01.tif
C:/Users/Hugo/AppData/Local/Temp/RtmpI5fMtE/raw/TileScan 3_A1-2_z3_ch00.tif|C:/Users/Hugo/AppData/Local/Temp/RtmpI5fMtE/testplate/W0001--A01--001/P002--A01--001/testplate--A01--001--W0001--P002--T0000--Z003--C00.tif
C:/Users/Hugo/AppData/Local/Temp/RtmpI5fMtE/raw/TileScan 3_A1-2_z3_ch01.tif|C:/Users/Hugo/AppData/Local/Temp/RtmpI5fMtE/testplate/W0001--A01--001/P002--A01--001/testplate--A01--001--W0001--P002--T0000--Z003--C01.tif
C:/Users/Hugo/AppData/Local/Temp/RtmpI5fMtE/raw/TileScan 3_A1-2_z4_ch00.tif|C:/Users/Hugo/AppData/Local/Temp/RtmpI5fMtE/testplate/W0001--A01--001/P002--A01--001/testplate--A01--001--W0001--P002--T0000--Z004--C00.tif
C:/Users/Hugo/AppData/Local/Temp/RtmpI5fMtE/raw/TileScan 3_A1-2_z4_ch01.tif|C:/Users/Hugo/AppData/Local/Temp/RtmpI5fMtE/testplate/W0001--A01--001/P002--A01--001/testplate--A01--001--W0001--P002--T0000--Z004--C01.tif
C:/Users/Hugo/AppData/Local/Temp/RtmpI5fMtE/raw/TileScan 3_A1-3_z0_ch00.tif|C:/Users/Hugo/AppData/Local/Temp/RtmpI5fMtE/testplate/W0001--A01--001/P003--A01--001/testplate--A01--001--W0001--P003--T0000--Z000--C00.tif
C:/Users/Hugo/AppData/Local/Temp/RtmpI5fMtE/raw/TileScan 3_A1-3_z0_ch01.tif|C:/Users/Hugo/AppData/Local/Temp/RtmpI5fMtE/testplate/W0001--A01--001/P003--A01--001/testplate--A01--001--W0001--P003--T0000--Z000--C01.tif
C:/Users/Hugo/AppData/Local/Temp/RtmpI5fMtE/raw/TileScan 3_A1-3_z1_ch00.tif|C:/Users/Hugo/AppData/Local/Temp/RtmpI5fMtE/testplate/W0001--A01--001/P003--A01--001/testplate--A01--001--W0001--P003--T0000--Z001--C00.tif
C:/Users/Hugo/AppData/Local/Temp/RtmpI5fMtE/raw/TileScan 3_A1-3_z1_ch01.tif|C:/Users/Hugo/AppData/Local/Temp/RtmpI5fMtE/testplate/W0001--A01--001/P003--A01--001/testplate--A01--001--W0001--P003--T0000--Z001--C01.tif
C:/Users/Hugo/AppData/Local/Temp/RtmpI5fMtE/raw/TileScan 3_A1-3_z2_ch00.tif|C:/Users/Hugo/AppData/Local/Temp/RtmpI5fMtE/testplate/W0001--A01--001/P003--A01--001/testplate--A01--001--W0001--P003--T0000--Z002--C00.tif
C:/Users/Hugo/AppData/Local/Temp/RtmpI5fMtE/raw/TileScan 3_A1-3_z2_ch01.tif|C:/Users/Hugo/AppData/Local/Temp/RtmpI5fMtE/testplate/W0001--A01--001/P003--A01--001/testplate--A01--001--W0001--P003--T0000--Z002--C01.tif
C:/Users/Hugo/AppData/Local/Temp/RtmpI5fMtE/raw/TileScan 3_A1-3_z3_ch00.tif|C:/Users/Hugo/AppData/Local/Temp/RtmpI5fMtE/testplate/W0001--A01--001/P003--A01--001/testplate--A01--001--W0001--P003--T0000--Z003--C00.tif
C:/Users/Hugo/AppData/Local/Temp/RtmpI5fMtE/raw/TileScan 3_A1-3_z3_ch01.tif|C:/Users/Hugo/AppData/Local/Temp/RtmpI5fMtE/testplate/W0001--A01--001/P003--A01--001/testplate--A01--001--W0001--P003--T0000--Z003--C01.tif
C:/Users/Hugo/AppData/Local/Temp/RtmpI5fMtE/raw/TileScan 3_A1-3_z4_ch00.tif|C:/Users/Hugo/AppData/Local/Temp/RtmpI5fMtE/testplate/W0001--A01--001/P003--A01--001/testplate--A01--001--W0001--P003--T0000--Z004--C00.tif
C:/Users/Hugo/AppData/Local/Temp/RtmpI5fMtE/raw/TileScan 3_A1-3_z4_ch01.tif|C:/Users/Hugo/AppData/Local/Temp/RtmpI5fMtE/testplate/W0001--A01--001/P003--A01--001/testplate--A01--001--W0001--P003--T0000--Z004--C01.tif
C:/Users/Hugo/AppData/Local/Temp/RtmpI5fMtE/raw/TileScan 3_A1-4_z0_ch00.tif|C:/Users/Hugo/AppData/Local/Temp/RtmpI5fMtE/testplate/W0001--A01--001/P004--A01--001/testplate--A01--001--W0001--P004--T0000--Z000--C00.tif
C:/Users/Hugo/AppData/Local/Temp/RtmpI5fMtE/raw/TileScan 3_A1-4_z0_ch01.tif|C:/Users/Hugo/AppData/Local/Temp/RtmpI5fMtE/testplate/W0001--A01--001/P004--A01--001/testplate--A01--001--W0001--P004--T0000--Z000--C01.tif
C:/Users/Hugo/AppData/Local/Temp/RtmpI5fMtE/raw/TileScan 3_A1-4_z1_ch00.tif|C:/Users/Hugo/AppData/Local/Temp/RtmpI5fMtE/testplate/W0001--A01--001/P004--A01--001/testplate--A01--001--W0001--P004--T0000--Z001--C00.tif
C:/Users/Hugo/AppData/Local/Temp/RtmpI5fMtE/raw/TileScan 3_A1-4_z1_ch01.tif|C:/Users/Hugo/AppData/Local/Temp/RtmpI5fMtE/testplate/W0001--A01--001/P004--A01--001/testplate--A01--001--W0001--P004--T0000--Z001--C01.tif
C:/Users/Hugo/AppData/Local/Temp/RtmpI5fMtE/raw/TileScan 3_A1-4_z2_ch00.tif|C:/Users/Hugo/AppData/Local/Temp/RtmpI5fMtE/testplate/W0001--A01--001/P004--A01--001/testplate--A01--001--W0001--P004--T0000--Z002--C00.tif
C:/Users/Hugo/AppData/Local/Temp/RtmpI5fMtE/raw/TileScan 3_A1-4_z2_ch01.tif|C:/Users/Hugo/AppData/Local/Temp/RtmpI5fMtE/testplate/W0001--A01--001/P004--A01--001/testplate--A01--001--W0001--P004--T0000--Z002--C01.tif
C:/Users/Hugo/AppData/Local/Temp/RtmpI5fMtE/raw/TileScan 3_A1-4_z3_ch00.tif|C:/Users/Hugo/AppData/Local/Temp/RtmpI5fMtE/testplate/W0001--A01--001/P004--A01--001/testplate--A01--001--W0001--P004--T0000--Z003--C00.tif
C:/Users/Hugo/AppData/Local/Temp/RtmpI5fMtE/raw/TileScan 3_A1-4_z3_ch01.tif|C:/Users/Hugo/AppData/Local/Temp/RtmpI5fMtE/testplate/W0001--A01--001/P004--A01--001/testplate--A01--001--W0001--P004--T0000--Z003--C01.tif
C:/Users/Hugo/AppData/Local/Temp/RtmpI5fMtE/raw/TileScan 3_A1-4_z4_ch00.tif|C:/Users/Hugo/AppData/Local/Temp/RtmpI5fMtE/testplate/W0001--A01--001/P004--A01--001/testplate--A01--001--W0001--P004--T0000--Z004--C00.tif
C:/Users/Hugo/AppData/Local/Temp/RtmpI5fMtE/raw/TileScan 3_A1-4_z4_ch01.tif|C:/Users/Hugo/AppData/Local/Temp/RtmpI5fMtE/testplate/W0001--A01--001/P004--A01--001/testplate--A01--001--W0001--P004--T0000--Z004--C01.tif
C:/Users/Hugo/AppData/Local/Temp/RtmpI5fMtE/raw/TileScan 3_B2-1_z0_ch00.tif|C:/Users/Hugo/AppData/Local/Temp/RtmpI5fMtE/testplate/W0014--B02--014/P001--B02--014/testplate--B02--014--W0014--P001--T0000--Z000--C00.tif
C:/Users/Hugo/AppData/Local/Temp/RtmpI5fMtE/raw/TileScan 3_B2-1_z0_ch01.tif|C:/Users/Hugo/AppData/Local/Temp/RtmpI5fMtE/testplate/W0014--B02--014/P001--B02--014/testplate--B02--014--W0014--P001--T0000--Z000--C01.tif
C:/Users/Hugo/AppData/Local/Temp/RtmpI5fMtE/raw/TileScan 3_B2-1_z1_ch00.tif|C:/Users/Hugo/AppData/Local/Temp/RtmpI5fMtE/testplate/W0014--B02--014/P001--B02--014/testplate--B02--014--W0014--P001--T0000--Z001--C00.tif
C:/Users/Hugo/AppData/Local/Temp/RtmpI5fMtE/raw/TileScan 3_B2-1_z1_ch01.tif|C:/Users/Hugo/AppData/Local/Temp/RtmpI5fMtE/testplate/W0014--B02--014/P001--B02--014/testplate--B02--014--W0014--P001--T0000--Z001--C01.tif
C:/Users/Hugo/AppData/Local/Temp/RtmpI5fMtE/raw/TileScan 3_B2-1_z2_ch00.tif|C:/Users/Hugo/AppData/Local/Temp/RtmpI5fMtE/testplate/W0014--B02--014/P001--B02--014/testplate--B02--014--W0014--P001--T0000--Z002--C00.tif
C:/Users/Hugo/AppData/Local/Temp/RtmpI5fMtE/raw/TileScan 3_B2-1_z2_ch01.tif|C:/Users/Hugo/AppData/Local/Temp/RtmpI5fMtE/testplate/W0014--B02--014/P001--B02--014/testplate--B02--014--W0014--P001--T0000--Z002--C01.tif
C:/Users/Hugo/AppData/Local/Temp/RtmpI5fMtE/raw/TileScan 3_B2-1_z3_ch00.tif|C:/Users/Hugo/AppData/Local/Temp/RtmpI5fMtE/testplate/W0014--B02--014/P001--B02--014/testplate--B02--014--W0014--P001--T0000--Z003--C00.tif
C:/Users/Hugo/AppData/Local/Temp/RtmpI5fMtE/raw/TileScan 3_B2-1_z3_ch01.tif|C:/Users/Hugo/AppData/Local/Temp/RtmpI5fMtE/testplate/W0014--B02--014/P001--B02--014/testplate--B02--014--W0014--P001--T0000--Z003--C01.tif
C:/Users/Hugo/AppData/Local/Temp/RtmpI5fMtE/raw/TileScan 3_B2-1_z4_ch00.tif|C:/Users/Hugo/AppData/Local/Temp/RtmpI5fMtE/testplate/W0014--B02--014/P001--B02--014/testplate--B02--014--W0014--P001--T0000--Z004--C00.tif
C:/Users/Hugo/AppData/Local/Temp/RtmpI5fMtE/raw/TileScan 3_B2-1_z4_ch01.tif|C:/Users/Hugo/AppData/Local/Temp/RtmpI5fMtE/testplate/W0014--B02--014/P001--B02--014/testplate--B02--014--W0014--P001--T0000--Z004--C01.tif
C:/Users/Hugo/AppData/Local/Temp/RtmpI5fMtE/raw/TileScan 3_B2-2_z0_ch00.tif|C:/Users/Hugo/AppData/Local/Temp/RtmpI5fMtE/testplate/W0014--B02--014/P002--B02--014/testplate--B02--014--W0014--P002--T0000--Z000--C00.tif
C:/Users/Hugo/AppData/Local/Temp/RtmpI5fMtE/raw/TileScan 3_B2-2_z0_ch01.tif|C:/Users/Hugo/AppData/Local/Temp/RtmpI5fMtE/testplate/W0014--B02--014/P002--B02--014/testplate--B02--014--W0014--P002--T0000--Z000--C01.tif
C:/Users/Hugo/AppData/Local/Temp/RtmpI5fMtE/raw/TileScan 3_B2-2_z1_ch00.tif|C:/Users/Hugo/AppData/Local/Temp/RtmpI5fMtE/testplate/W0014--B02--014/P002--B02--014/testplate--B02--014--W0014--P002--T0000--Z001--C00.tif
C:/Users/Hugo/AppData/Local/Temp/RtmpI5fMtE/raw/TileScan 3_B2-2_z1_ch01.tif|C:/Users/Hugo/AppData/Local/Temp/RtmpI5fMtE/testplate/W0014--B02--014/P002--B02--014/testplate--B02--014--W0014--P002--T0000--Z001--C01.tif
C:/Users/Hugo/AppData/Local/Temp/RtmpI5fMtE/raw/TileScan 3_B2-2_z2_ch00.tif|C:/Users/Hugo/AppData/Local/Temp/RtmpI5fMtE/testplate/W0014--B02--014/P002--B02--014/testplate--B02--014--W0014--P002--T0000--Z002--C00.tif
C:/Users/Hugo/AppData/Local/Temp/RtmpI5fMtE/raw/TileScan 3_B2-2_z2_ch01.tif|C:/Users/Hugo/AppData/Local/Temp/RtmpI5fMtE/testplate/W0014--B02--014/P002--B02--014/testplate--B02--014--W0014--P002--T0000--Z002--C01.tif
C:/Users/Hugo/AppData/Local/Temp/RtmpI5fMtE/raw/TileScan 3_B2-2_z3_ch00.tif|C:/Users/Hugo/AppData/Local/Temp/RtmpI5fMtE/testplate/W0014--B02--014/P002--B02--014/testplate--B02--014--W0014--P002--T0000--Z003--C00.tif
C:/Users/Hugo/AppData/Local/Temp/RtmpI5fMtE/raw/TileScan 3_B2-2_z3_ch01.tif|C:/Users/Hugo/AppData/Local/Temp/RtmpI5fMtE/testplate/W0014--B02--014/P002--B02--014/testplate--B02--014--W0014--P002--T0000--Z003--C01.tif
C:/Users/Hugo/AppData/Local/Temp/RtmpI5fMtE/raw/TileScan 3_B2-2_z4_ch00.tif|C:/Users/Hugo/AppData/Local/Temp/RtmpI5fMtE/testplate/W0014--B02--014/P002--B02--014/testplate--B02--014--W0014--P002--T0000--Z004--C00.tif
C:/Users/Hugo/AppData/Local/Temp/RtmpI5fMtE/raw/TileScan 3_B2-2_z4_ch01.tif|C:/Users/Hugo/AppData/Local/Temp/RtmpI5fMtE/testplate/W0014--B02--014/P002--B02--014/testplate--B02--014--W0014--P002--T0000--Z004--C01.tif
C:/Users/Hugo/AppData/Local/Temp/RtmpI5fMtE/raw/TileScan 3_B2-3_z0_ch00.tif|C:/Users/Hugo/AppData/Local/Temp/RtmpI5fMtE/testplate/W0014--B02--014/P003--B02--014/testplate--B02--014--W0014--P003--T0000--Z000--C00.tif
C:/Users/Hugo/AppData/Local/Temp/RtmpI5fMtE/raw/TileScan 3_B2-3_z0_ch01.tif|C:/Users/Hugo/AppData/Local/Temp/RtmpI5fMtE/testplate/W0014--B02--014/P003--B02--014/testplate--B02--014--W0014--P003--T0000--Z000--C01.tif
C:/Users/Hugo/AppData/Local/Temp/RtmpI5fMtE/raw/TileScan 3_B2-3_z1_ch00.tif|C:/Users/Hugo/AppData/Local/Temp/RtmpI5fMtE/testplate/W0014--B02--014/P003--B02--014/testplate--B02--014--W0014--P003--T0000--Z001--C00.tif
C:/Users/Hugo/AppData/Local/Temp/RtmpI5fMtE/raw/TileScan 3_B2-3_z1_ch01.tif|C:/Users/Hugo/AppData/Local/Temp/RtmpI5fMtE/testplate/W0014--B02--014/P003--B02--014/testplate--B02--014--W0014--P003--T0000--Z001--C01.tif
C:/Users/Hugo/AppData/Local/Temp/RtmpI5fMtE/raw/TileScan 3_B2-3_z2_ch00.tif|C:/Users/Hugo/AppData/Local/Temp/RtmpI5fMtE/testplate/W0014--B02--014/P003--B02--014/testplate--B02--014--W0014--P003--T0000--Z002--C00.tif
C:/Users/Hugo/AppData/Local/Temp/RtmpI5fMtE/raw/TileScan 3_B2-3_z2_ch01.tif|C:/Users/Hugo/AppData/Local/Temp/RtmpI5fMtE/testplate/W0014--B02--014/P003--B02--014/testplate--B02--014--W0014--P003--T0000--Z002--C01.tif
C:/Users/Hugo/AppData/Local/Temp/RtmpI5fMtE/raw/TileScan 3_B2-3_z3_ch00.tif|C:/Users/Hugo/AppData/Local/Temp/RtmpI5fMtE/testplate/W0014--B02--014/P003--B02--014/testplate--B02--014--W0014--P003--T0000--Z003--C00.tif
C:/Users/Hugo/AppData/Local/Temp/RtmpI5fMtE/raw/TileScan 3_B2-3_z3_ch01.tif|C:/Users/Hugo/AppData/Local/Temp/RtmpI5fMtE/testplate/W0014--B02--014/P003--B02--014/testplate--B02--014--W0014--P003--T0000--Z003--C01.tif
C:/Users/Hugo/AppData/Local/Temp/RtmpI5fMtE/raw/TileScan 3_B2-3_z4_ch00.tif|C:/Users/Hugo/AppData/Local/Temp/RtmpI5fMtE/testplate/W0014--B02--014/P003--B02--014/testplate--B02--014--W0014--P003--T0000--Z004--C00.tif
C:/Users/Hugo/AppData/Local/Temp/RtmpI5fMtE/raw/TileScan 3_B2-3_z4_ch01.tif|C:/Users/Hugo/AppData/Local/Temp/RtmpI5fMtE/testplate/W0014--B02--014/P003--B02--014/testplate--B02--014--W0014--P003--T0000--Z004--C01.tif
C:/Users/Hugo/AppData/Local/Temp/RtmpI5fMtE/raw/TileScan 3_B2-4_z0_ch00.tif|C:/Users/Hugo/AppData/Local/Temp/RtmpI5fMtE/testplate/W0014--B02--014/P004--B02--014/testplate--B02--014--W0014--P004--T0000--Z000--C00.tif
C:/Users/Hugo/AppData/Local/Temp/RtmpI5fMtE/raw/TileScan 3_B2-4_z0_ch01.tif|C:/Users/Hugo/AppData/Local/Temp/RtmpI5fMtE/testplate/W0014--B02--014/P004--B02--014/testplate--B02--014--W0014--P004--T0000--Z000--C01.tif
C:/Users/Hugo/AppData/Local/Temp/RtmpI5fMtE/raw/TileScan 3_B2-4_z1_ch00.tif|C:/Users/Hugo/AppData/Local/Temp/RtmpI5fMtE/testplate/W0014--B02--014/P004--B02--014/testplate--B02--014--W0014--P004--T0000--Z001--C00.tif
C:/Users/Hugo/AppData/Local/Temp/RtmpI5fMtE/raw/TileScan 3_B2-4_z1_ch01.tif|C:/Users/Hugo/AppData/Local/Temp/RtmpI5fMtE/testplate/W0014--B02--014/P004--B02--014/testplate--B02--014--W0014--P004--T0000--Z001--C01.tif
C:/Users/Hugo/AppData/Local/Temp/RtmpI5fMtE/raw/TileScan 3_B2-4_z2_ch00.tif|C:/Users/Hugo/AppData/Local/Temp/RtmpI5fMtE/testplate/W0014--B02--014/P004--B02--014/testplate--B02--014--W0014--P004--T0000--Z002--C00.tif
C:/Users/Hugo/AppData/Local/Temp/RtmpI5fMtE/raw/TileScan 3_B2-4_z2_ch01.tif|C:/Users/Hugo/AppData/Local/Temp/RtmpI5fMtE/testplate/W0014--B02--014/P004--B02--014/testplate--B02--014--W0014--P004--T0000--Z002--C01.tif
C:/Users/Hugo/AppData/Local/Temp/RtmpI5fMtE/raw/TileScan 3_B2-4_z3_ch00.tif|C:/Users/Hugo/AppData/Local/Temp/RtmpI5fMtE/testplate/W0014--B02--014/P004--B02--014/testplate--B02--014--W0014--P004--T0000--Z003--C00.tif
C:/Users/Hugo/AppData/Local/Temp/RtmpI5fMtE/raw/TileScan 3_B2-4_z3_ch01.tif|C:/Users/Hugo/AppData/Local/Temp/RtmpI5fMtE/testplate/W0014--B02--014/P004--B02--014/testplate--B02--014--W0014--P004--T0000--Z003--C01.tif
C:/Users/Hugo/AppData/Local/Temp/RtmpI5fMtE/raw/TileScan 3_B2-4_z4_ch00.tif|C:/Users/Hugo/AppData/Local/Temp/RtmpI5fMtE/testplate/W0014--B02--014/P004--B02--014/testplate--B02--014--W0014--P004--T0000--Z004--C00.tif
C:/Users/Hugo/AppData/Local/Temp/RtmpI5fMtE/raw/TileScan 3_B2-4_z4_ch01.tif|C:/Users/Hugo/AppData/Local/Temp/RtmpI5fMtE/testplate/W0014--B02--014/P004--B02--014/testplate--B02--014--W0014--P004--T0000--Z004--C01.tif
C:/Users/Hugo/AppData/Local/Temp/RtmpI5fMtE/raw/TileScan 3_C3-1_z0_ch00.tif|C:/Users/Hugo/AppData/Local/Temp/RtmpI5fMtE/testplate/W0027--C03--027/P001--C03--027/testplate--C03--027--W0027--P001--T0000--Z000--C00.tif
C:/Users/Hugo/AppData/Local/Temp/RtmpI5fMtE/raw/TileScan 3_C3-1_z0_ch01.tif|C:/Users/Hugo/AppData/Local/Temp/RtmpI5fMtE/testplate/W0027--C03--027/P001--C03--027/testplate--C03--027--W0027--P001--T0000--Z000--C01.tif
C:/Users/Hugo/AppData/Local/Temp/RtmpI5fMtE/raw/TileScan 3_C3-1_z1_ch00.tif|C:/Users/Hugo/AppData/Local/Temp/RtmpI5fMtE/testplate/W0027--C03--027/P001--C03--027/testplate--C03--027--W0027--P001--T0000--Z001--C00.tif
C:/Users/Hugo/AppData/Local/Temp/RtmpI5fMtE/raw/TileScan 3_C3-1_z1_ch01.tif|C:/Users/Hugo/AppData/Local/Temp/RtmpI5fMtE/testplate/W0027--C03--027/P001--C03--027/testplate--C03--027--W0027--P001--T0000--Z001--C01.tif
C:/Users/Hugo/AppData/Local/Temp/RtmpI5fMtE/raw/TileScan 3_C3-1_z2_ch00.tif|C:/Users/Hugo/AppData/Local/Temp/RtmpI5fMtE/testplate/W0027--C03--027/P001--C03--027/testplate--C03--027--W0027--P001--T0000--Z002--C00.tif
C:/Users/Hugo/AppData/Local/Temp/RtmpI5fMtE/raw/TileScan 3_C3-1_z2_ch01.tif|C:/Users/Hugo/AppData/Local/Temp/RtmpI5fMtE/testplate/W0027--C03--027/P001--C03--027/testplate--C03--027--W0027--P001--T0000--Z002--C01.tif
C:/Users/Hugo/AppData/Local/Temp/RtmpI5fMtE/raw/TileScan 3_C3-1_z3_ch00.tif|C:/Users/Hugo/AppData/Local/Temp/RtmpI5fMtE/testplate/W0027--C03--027/P001--C03--027/testplate--C03--027--W0027--P001--T0000--Z003--C00.tif
C:/Users/Hugo/AppData/Local/Temp/RtmpI5fMtE/raw/TileScan 3_C3-1_z3_ch01.tif|C:/Users/Hugo/AppData/Local/Temp/RtmpI5fMtE/testplate/W0027--C03--027/P001--C03--027/testplate--C03--027--W0027--P001--T0000--Z003--C01.tif
C:/Users/Hugo/AppData/Local/Temp/RtmpI5fMtE/raw/TileScan 3_C3-1_z4_ch00.tif|C:/Users/Hugo/AppData/Local/Temp/RtmpI5fMtE/testplate/W0027--C03--027/P001--C03--027/testplate--C03--027--W0027--P001--T0000--Z004--C00.tif
C:/Users/Hugo/AppData/Local/Temp/RtmpI5fMtE/raw/TileScan 3_C3-1_z4_ch01.tif|C:/Users/Hugo/AppData/Local/Temp/RtmpI5fMtE/testplate/W0027--C03--027/P001--C03--027/testplate--C03--027--W0027--P001--T0000--Z004--C01.tif
C:/Users/Hugo/AppData/Local/Temp/RtmpI5fMtE/raw/TileScan 3_C3-2_z0_ch00.tif|C:/Users/Hugo/AppData/Local/Temp/RtmpI5fMtE/testplate/W0027--C03--027/P002--C03--027/testplate--C03--027--W0027--P002--T0000--Z000--C00.tif
C:/Users/Hugo/AppData/Local/Temp/RtmpI5fMtE/raw/TileScan 3_C3-2_z0_ch01.tif|C:/Users/Hugo/AppData/Local/Temp/RtmpI5fMtE/testplate/W0027--C03--027/P002--C03--027/testplate--C03--027--W0027--P002--T0000--Z000--C01.tif
C:/Users/Hugo/AppData/Local/Temp/RtmpI5fMtE/raw/TileScan 3_C3-2_z1_ch00.tif|C:/Users/Hugo/AppData/Local/Temp/RtmpI5fMtE/testplate/W0027--C03--027/P002--C03--027/testplate--C03--027--W0027--P002--T0000--Z001--C00.tif
C:/Users/Hugo/AppData/Local/Temp/RtmpI5fMtE/raw/TileScan 3_C3-2_z1_ch01.tif|C:/Users/Hugo/AppData/Local/Temp/RtmpI5fMtE/testplate/W0027--C03--027/P002--C03--027/testplate--C03--027--W0027--P002--T0000--Z001--C01.tif
C:/Users/Hugo/AppData/Local/Temp/RtmpI5fMtE/raw/TileScan 3_C3-2_z2_ch00.tif|C:/Users/Hugo/AppData/Local/Temp/RtmpI5fMtE/testplate/W0027--C03--027/P002--C03--027/testplate--C03--027--W0027--P002--T0000--Z002--C00.tif
C:/Users/Hugo/AppData/Local/Temp/RtmpI5fMtE/raw/TileScan 3_C3-2_z2_ch01.tif|C:/Users/Hugo/AppData/Local/Temp/RtmpI5fMtE/testplate/W0027--C03--027/P002--C03--027/testplate--C03--027--W0027--P002--T0000--Z002--C01.tif
C:/Users/Hugo/AppData/Local/Temp/RtmpI5fMtE/raw/TileScan 3_C3-2_z3_ch00.tif|C:/Users/Hugo/AppData/Local/Temp/RtmpI5fMtE/testplate/W0027--C03--027/P002--C03--027/testplate--C03--027--W0027--P002--T0000--Z003--C00.tif
C:/Users/Hugo/AppData/Local/Temp/RtmpI5fMtE/raw/TileScan 3_C3-2_z3_ch01.tif|C:/Users/Hugo/AppData/Local/Temp/RtmpI5fMtE/testplate/W0027--C03--027/P002--C03--027/testplate--C03--027--W0027--P002--T0000--Z003--C01.tif
C:/Users/Hugo/AppData/Local/Temp/RtmpI5fMtE/raw/TileScan 3_C3-2_z4_ch00.tif|C:/Users/Hugo/AppData/Local/Temp/RtmpI5fMtE/testplate/W0027--C03--027/P002--C03--027/testplate--C03--027--W0027--P002--T0000--Z004--C00.tif
C:/Users/Hugo/AppData/Local/Temp/RtmpI5fMtE/raw/TileScan 3_C3-2_z4_ch01.tif|C:/Users/Hugo/AppData/Local/Temp/RtmpI5fMtE/testplate/W0027--C03--027/P002--C03--027/testplate--C03--027--W0027--P002--T0000--Z004--C01.tif
C:/Users/Hugo/AppData/Local/Temp/RtmpI5fMtE/raw/TileScan 3_C3-3_z0_ch00.tif|C:/Users/Hugo/AppData/Local/Temp/RtmpI5fMtE/testplate/W0027--C03--027/P003--C03--027/testplate--C03--027--W0027--P003--T0000--Z000--C00.tif
C:/Users/Hugo/AppData/Local/Temp/RtmpI5fMtE/raw/TileScan 3_C3-3_z0_ch01.tif|C:/Users/Hugo/AppData/Local/Temp/RtmpI5fMtE/testplate/W0027--C03--027/P003--C03--027/testplate--C03--027--W0027--P003--T0000--Z000--C01.tif
C:/Users/Hugo/AppData/Local/Temp/RtmpI5fMtE/raw/TileScan 3_C3-3_z1_ch00.tif|C:/Users/Hugo/AppData/Local/Temp/RtmpI5fMtE/testplate/W0027--C03--027/P003--C03--027/testplate--C03--027--W0027--P003--T0000--Z001--C00.tif
C:/Users/Hugo/AppData/Local/Temp/RtmpI5fMtE/raw/TileScan 3_C3-3_z1_ch01.tif|C:/Users/Hugo/AppData/Local/Temp/RtmpI5fMtE/testplate/W0027--C03--027/P003--C03--027/testplate--C03--027--W0027--P003--T0000--Z001--C01.tif
C:/Users/Hugo/AppData/Local/Temp/RtmpI5fMtE/raw/TileScan 3_C3-3_z2_ch00.tif|C:/Users/Hugo/AppData/Local/Temp/RtmpI5fMtE/testplate/W0027--C03--027/P003--C03--027/testplate--C03--027--W0027--P003--T0000--Z002--C00.tif
C:/Users/Hugo/AppData/Local/Temp/RtmpI5fMtE/raw/TileScan 3_C3-3_z2_ch01.tif|C:/Users/Hugo/AppData/Local/Temp/RtmpI5fMtE/testplate/W0027--C03--027/P003--C03--027/testplate--C03--027--W0027--P003--T0000--Z002--C01.tif
C:/Users/Hugo/AppData/Local/Temp/RtmpI5fMtE/raw/TileScan 3_C3-3_z3_ch00.tif|C:/Users/Hugo/AppData/Local/Temp/RtmpI5fMtE/testplate/W0027--C03--027/P003--C03--027/testplate--C03--027--W0027--P003--T0000--Z003--C00.tif
C:/Users/Hugo/AppData/Local/Temp/RtmpI5fMtE/raw/TileScan 3_C3-3_z3_ch01.tif|C:/Users/Hugo/AppData/Local/Temp/RtmpI5fMtE/testplate/W0027--C03--027/P003--C03--027/testplate--C03--027--W0027--P003--T0000--Z003--C01.tif
C:/Users/Hugo/AppData/Local/Temp/RtmpI5fMtE/raw/TileScan 3_C3-3_z4_ch00.tif|C:/Users/Hugo/AppData/Local/Temp/RtmpI5fMtE/testplate/W0027--C03--027/P003--C03--027/testplate--C03--027--W0027--P003--T0000--Z004--C00.tif
C:/Users/Hugo/AppData/Local/Temp/RtmpI5fMtE/raw/TileScan 3_C3-3_z4_ch01.tif|C:/Users/Hugo/AppData/Local/Temp/RtmpI5fMtE/testplate/W0027--C03--027/P003--C03--027/testplate--C03--027--W0027--P003--T0000--Z004--C01.tif
C:/Users/Hugo/AppData/Local/Temp/RtmpI5fMtE/raw/TileScan 3_C3-4_z0_ch00.tif|C:/Users/Hugo/AppData/Local/Temp/RtmpI5fMtE/testplate/W0027--C03--027/P004--C03--027/testplate--C03--027--W0027--P004--T0000--Z000--C00.tif
C:/Users/Hugo/AppData/Local/Temp/RtmpI5fMtE/raw/TileScan 3_C3-4_z0_ch01.tif|C:/Users/Hugo/AppData/Local/Temp/RtmpI5fMtE/testplate/W0027--C03--027/P004--C03--027/testplate--C03--027--W0027--P004--T0000--Z000--C01.tif
C:/Users/Hugo/AppData/Local/Temp/RtmpI5fMtE/raw/TileScan 3_C3-4_z1_ch00.tif|C:/Users/Hugo/AppData/Local/Temp/RtmpI5fMtE/testplate/W0027--C03--027/P004--C03--027/testplate--C03--027--W0027--P004--T0000--Z001--C00.tif
C:/Users/Hugo/AppData/Local/Temp/RtmpI5fMtE/raw/TileScan 3_C3-4_z1_ch01.tif|C:/Users/Hugo/AppData/Local/Temp/RtmpI5fMtE/testplate/W0027--C03--027/P004--C03--027/testplate--C03--027--W0027--P004--T0000--Z001--C01.tif
C:/Users/Hugo/AppData/Local/Temp/RtmpI5fMtE/raw/TileScan 3_C3-4_z2_ch00.tif|C:/Users/Hugo/AppData/Local/Temp/RtmpI5fMtE/testplate/W0027--C03--027/P004--C03--027/testplate--C03--027--W0027--P004--T0000--Z002--C00.tif
C:/Users/Hugo/AppData/Local/Temp/RtmpI5fMtE/raw/TileScan 3_C3-4_z2_ch01.tif|C:/Users/Hugo/AppData/Local/Temp/RtmpI5fMtE/testplate/W0027--C03--027/P004--C03--027/testplate--C03--027--W0027--P004--T0000--Z002--C01.tif
C:/Users/Hugo/AppData/Local/Temp/RtmpI5fMtE/raw/TileScan 3_C3-4_z3_ch00.tif|C:/Users/Hugo/AppData/Local/Temp/RtmpI5fMtE/testplate/W0027--C03--027/P004--C03--027/testplate--C03--027--W0027--P004--T0000--Z003--C00.tif
C:/Users/Hugo/AppData/Local/Temp/RtmpI5fMtE/raw/TileScan 3_C3-4_z3_ch01.tif|C:/Users/Hugo/AppData/Local/Temp/RtmpI5fMtE/testplate/W0027--C03--027/P004--C03--027/testplate--C03--027--W0027--P004--T0000--Z003--C01.tif
C:/Users/Hugo/AppData/Local/Temp/RtmpI5fMtE/raw/TileScan 3_C3-4_z4_ch00.tif|C:/Users/Hugo/AppData/Local/Temp/RtmpI5fMtE/testplate/W0027--C03--027/P004--C03--027/testplate--C03--027--W0027--P004--T0000--Z004--C00.tif
C:/Users/Hugo/AppData/Local/Temp/RtmpI5fMtE/raw/TileScan 3_C3-4_z4_ch01.tif|C:/Users/Hugo/AppData/Local/Temp/RtmpI5fMtE/testplate/W0027--C03--027/P004--C03--027/testplate--C03--027--W0027--P004--T0000--Z004--C01.tif
C:/Users/Hugo/AppData/Local/Temp/RtmpI5fMtE/raw/TileScan 3_D4-1_z0_ch00.tif|C:/Users/Hugo/AppData/Local/Temp/RtmpI5fMtE/testplate/W0040--D04--040/P001--D04--040/testplate--D04--040--W0040--P001--T0000--Z000--C00.tif
C:/Users/Hugo/AppData/Local/Temp/RtmpI5fMtE/raw/TileScan 3_D4-1_z0_ch01.tif|C:/Users/Hugo/AppData/Local/Temp/RtmpI5fMtE/testplate/W0040--D04--040/P001--D04--040/testplate--D04--040--W0040--P001--T0000--Z000--C01.tif
C:/Users/Hugo/AppData/Local/Temp/RtmpI5fMtE/raw/TileScan 3_D4-1_z1_ch00.tif|C:/Users/Hugo/AppData/Local/Temp/RtmpI5fMtE/testplate/W0040--D04--040/P001--D04--040/testplate--D04--040--W0040--P001--T0000--Z001--C00.tif
C:/Users/Hugo/AppData/Local/Temp/RtmpI5fMtE/raw/TileScan 3_D4-1_z1_ch01.tif|C:/Users/Hugo/AppData/Local/Temp/RtmpI5fMtE/testplate/W0040--D04--040/P001--D04--040/testplate--D04--040--W0040--P001--T0000--Z001--C01.tif
C:/Users/Hugo/AppData/Local/Temp/RtmpI5fMtE/raw/TileScan 3_D4-1_z2_ch00.tif|C:/Users/Hugo/AppData/Local/Temp/RtmpI5fMtE/testplate/W0040--D04--040/P001--D04--040/testplate--D04--040--W0040--P001--T0000--Z002--C00.tif
C:/Users/Hugo/AppData/Local/Temp/RtmpI5fMtE/raw/TileScan 3_D4-1_z2_ch01.tif|C:/Users/Hugo/AppData/Local/Temp/RtmpI5fMtE/testplate/W0040--D04--040/P001--D04--040/testplate--D04--040--W0040--P001--T0000--Z002--C01.tif
C:/Users/Hugo/AppData/Local/Temp/RtmpI5fMtE/raw/TileScan 3_D4-1_z3_ch00.tif|C:/Users/Hugo/AppData/Local/Temp/RtmpI5fMtE/testplate/W0040--D04--040/P001--D04--040/testplate--D04--040--W0040--P001--T0000--Z003--C00.tif
C:/Users/Hugo/AppData/Local/Temp/RtmpI5fMtE/raw/TileScan 3_D4-1_z3_ch01.tif|C:/Users/Hugo/AppData/Local/Temp/RtmpI5fMtE/testplate/W0040--D04--040/P001--D04--040/testplate--D04--040--W0040--P001--T0000--Z003--C01.tif
C:/Users/Hugo/AppData/Local/Temp/RtmpI5fMtE/raw/TileScan 3_D4-1_z4_ch00.tif|C:/Users/Hugo/AppData/Local/Temp/RtmpI5fMtE/testplate/W0040--D04--040/P001--D04--040/testplate--D04--040--W0040--P001--T0000--Z004--C00.tif
C:/Users/Hugo/AppData/Local/Temp/RtmpI5fMtE/raw/TileScan 3_D4-1_z4_ch01.tif|C:/Users/Hugo/AppData/Local/Temp/RtmpI5fMtE/testplate/W0040--D04--040/P001--D04--040/testplate--D04--040--W0040--P001--T0000--Z004--C01.tif
C:/Users/Hugo/AppData/Local/Temp/RtmpI5fMtE/raw/TileScan 3_D4-2_z0_ch00.tif|C:/Users/Hugo/AppData/Local/Temp/RtmpI5fMtE/testplate/W0040--D04--040/P002--D04--040/testplate--D04--040--W0040--P002--T0000--Z000--C00.tif
C:/Users/Hugo/AppData/Local/Temp/RtmpI5fMtE/raw/TileScan 3_D4-2_z0_ch01.tif|C:/Users/Hugo/AppData/Local/Temp/RtmpI5fMtE/testplate/W0040--D04--040/P002--D04--040/testplate--D04--040--W0040--P002--T0000--Z000--C01.tif
C:/Users/Hugo/AppData/Local/Temp/RtmpI5fMtE/raw/TileScan 3_D4-2_z1_ch00.tif|C:/Users/Hugo/AppData/Local/Temp/RtmpI5fMtE/testplate/W0040--D04--040/P002--D04--040/testplate--D04--040--W0040--P002--T0000--Z001--C00.tif
C:/Users/Hugo/AppData/Local/Temp/RtmpI5fMtE/raw/TileScan 3_D4-2_z1_ch01.tif|C:/Users/Hugo/AppData/Local/Temp/RtmpI5fMtE/testplate/W0040--D04--040/P002--D04--040/testplate--D04--040--W0040--P002--T0000--Z001--C01.tif
C:/Users/Hugo/AppData/Local/Temp/RtmpI5fMtE/raw/TileScan 3_D4-2_z2_ch00.tif|C:/Users/Hugo/AppData/Local/Temp/RtmpI5fMtE/testplate/W0040--D04--040/P002--D04--040/testplate--D04--040--W0040--P002--T0000--Z002--C00.tif
C:/Users/Hugo/AppData/Local/Temp/RtmpI5fMtE/raw/TileScan 3_D4-2_z2_ch01.tif|C:/Users/Hugo/AppData/Local/Temp/RtmpI5fMtE/testplate/W0040--D04--040/P002--D04--040/testplate--D04--040--W0040--P002--T0000--Z002--C01.tif
C:/Users/Hugo/AppData/Local/Temp/RtmpI5fMtE/raw/TileScan 3_D4-2_z3_ch00.tif|C:/Users/Hugo/AppData/Local/Temp/RtmpI5fMtE/testplate/W0040--D04--040/P002--D04--040/testplate--D04--040--W0040--P002--T0000--Z003--C00.tif
C:/Users/Hugo/AppData/Local/Temp/RtmpI5fMtE/raw/TileScan 3_D4-2_z3_ch01.tif|C:/Users/Hugo/AppData/Local/Temp/RtmpI5fMtE/testplate/W0040--D04--040/P002--D04--040/testplate--D04--040--W0040--P002--T0000--Z003--C01.tif
C:/Users/Hugo/AppData/Local/Temp/RtmpI5fMtE/raw/TileScan 3_D4-2_z4_ch00.tif|C:/Users/Hugo/AppData/Local/Temp/RtmpI5fMtE/testplate/W0040--D04--040/P002--D04--040/testplate--D04--040--W0040--P002--T0000--Z004--C00.tif
C:/Users/Hugo/AppData/Local/Temp/RtmpI5fMtE/raw/TileScan 3_D4-2_z4_ch01.tif|C:/Users/Hugo/AppData/Local/Temp/RtmpI5fMtE/testplate/W0040--D04--040/P002--D04--040/testplate--D04--040--W0040--P002--T0000--Z004--C01.tif
C:/Users/Hugo/AppData/Local/Temp/RtmpI5fMtE/raw/TileScan 3_D4-3_z0_ch00.tif|C:/Users/Hugo/AppData/Local/Temp/RtmpI5fMtE/testplate/W0040--D04--040/P003--D04--040/testplate--D04--040--W0040--P003--T0000--Z000--C00.tif
C:/Users/Hugo/AppData/Local/Temp/RtmpI5fMtE/raw/TileScan 3_D4-3_z0_ch01.tif|C:/Users/Hugo/AppData/Local/Temp/RtmpI5fMtE/testplate/W0040--D04--040/P003--D04--040/testplate--D04--040--W0040--P003--T0000--Z000--C01.tif
C:/Users/Hugo/AppData/Local/Temp/RtmpI5fMtE/raw/TileScan 3_D4-3_z1_ch00.tif|C:/Users/Hugo/AppData/Local/Temp/RtmpI5fMtE/testplate/W0040--D04--040/P003--D04--040/testplate--D04--040--W0040--P003--T0000--Z001--C00.tif
C:/Users/Hugo/AppData/Local/Temp/RtmpI5fMtE/raw/TileScan 3_D4-3_z1_ch01.tif|C:/Users/Hugo/AppData/Local/Temp/RtmpI5fMtE/testplate/W0040--D04--040/P003--D04--040/testplate--D04--040--W0040--P003--T0000--Z001--C01.tif
C:/Users/Hugo/AppData/Local/Temp/RtmpI5fMtE/raw/TileScan 3_D4-3_z2_ch00.tif|C:/Users/Hugo/AppData/Local/Temp/RtmpI5fMtE/testplate/W0040--D04--040/P003--D04--040/testplate--D04--040--W0040--P003--T0000--Z002--C00.tif
C:/Users/Hugo/AppData/Local/Temp/RtmpI5fMtE/raw/TileScan 3_D4-3_z2_ch01.tif|C:/Users/Hugo/AppData/Local/Temp/RtmpI5fMtE/testplate/W0040--D04--040/P003--D04--040/testplate--D04--040--W0040--P003--T0000--Z002--C01.tif
C:/Users/Hugo/AppData/Local/Temp/RtmpI5fMtE/raw/TileScan 3_D4-3_z3_ch00.tif|C:/Users/Hugo/AppData/Local/Temp/RtmpI5fMtE/testplate/W0040--D04--040/P003--D04--040/testplate--D04--040--W0040--P003--T0000--Z003--C00.tif
C:/Users/Hugo/AppData/Local/Temp/RtmpI5fMtE/raw/TileScan 3_D4-3_z3_ch01.tif|C:/Users/Hugo/AppData/Local/Temp/RtmpI5fMtE/testplate/W0040--D04--040/P003--D04--040/testplate--D04--040--W0040--P003--T0000--Z003--C01.tif
C:/Users/Hugo/AppData/Local/Temp/RtmpI5fMtE/raw/TileScan 3_D4-3_z4_ch00.tif|C:/Users/Hugo/AppData/Local/Temp/RtmpI5fMtE/testplate/W0040--D04--040/P003--D04--040/testplate--D04--040--W0040--P003--T0000--Z004--C00.tif
C:/Users/Hugo/AppData/Local/Temp/RtmpI5fMtE/raw/TileScan 3_D4-3_z4_ch01.tif|C:/Users/Hugo/AppData/Local/Temp/RtmpI5fMtE/testplate/W0040--D04--040/P003--D04--040/testplate--D04--040--W0040--P003--T0000--Z004--C01.tif
C:/Users/Hugo/AppData/Local/Temp/RtmpI5fMtE/raw/TileScan 3_D4-4_z0_ch00.tif|C:/Users/Hugo/AppData/Local/Temp/RtmpI5fMtE/testplate/W0040--D04--040/P004--D04--040/testplate--D04--040--W0040--P004--T0000--Z000--C00.tif
C:/Users/Hugo/AppData/Local/Temp/RtmpI5fMtE/raw/TileScan 3_D4-4_z0_ch01.tif|C:/Users/Hugo/AppData/Local/Temp/RtmpI5fMtE/testplate/W0040--D04--040/P004--D04--040/testplate--D04--040--W0040--P004--T0000--Z000--C01.tif
C:/Users/Hugo/AppData/Local/Temp/RtmpI5fMtE/raw/TileScan 3_D4-4_z1_ch00.tif|C:/Users/Hugo/AppData/Local/Temp/RtmpI5fMtE/testplate/W0040--D04--040/P004--D04--040/testplate--D04--040--W0040--P004--T0000--Z001--C00.tif
C:/Users/Hugo/AppData/Local/Temp/RtmpI5fMtE/raw/TileScan 3_D4-4_z1_ch01.tif|C:/Users/Hugo/AppData/Local/Temp/RtmpI5fMtE/testplate/W0040--D04--040/P004--D04--040/testplate--D04--040--W0040--P004--T0000--Z001--C01.tif
C:/Users/Hugo/AppData/Local/Temp/RtmpI5fMtE/raw/TileScan 3_D4-4_z2_ch00.tif|C:/Users/Hugo/AppData/Local/Temp/RtmpI5fMtE/testplate/W0040--D04--040/P004--D04--040/testplate--D04--040--W0040--P004--T0000--Z002--C00.tif
C:/Users/Hugo/AppData/Local/Temp/RtmpI5fMtE/raw/TileScan 3_D4-4_z2_ch01.tif|C:/Users/Hugo/AppData/Local/Temp/RtmpI5fMtE/testplate/W0040--D04--040/P004--D04--040/testplate--D04--040--W0040--P004--T0000--Z002--C01.tif
C:/Users/Hugo/AppData/Local/Temp/RtmpI5fMtE/raw/TileScan 3_D4-4_z3_ch00.tif|C:/Users/Hugo/AppData/Local/Temp/RtmpI5fMtE/testplate/W0040--D04--040/P004--D04--040/testplate--D04--040--W0040--P004--T0000--Z003--C00.tif
C:/Users/Hugo/AppData/Local/Temp/RtmpI5fMtE/raw/TileScan 3_D4-4_z3_ch01.tif|C:/Users/Hugo/AppData/Local/Temp/RtmpI5fMtE/testplate/W0040--D04--040/P004--D04--040/testplate--D04--040--W0040--P004--T0000--Z003--C01.tif
C:/Users/Hugo/AppData/Local/Temp/RtmpI5fMtE/raw/TileScan 3_D4-4_z4_ch00.tif|C:/Users/Hugo/AppData/Local/Temp/RtmpI5fMtE/testplate/W0040--D04--040/P004--D04--040/testplate--D04--040--W0040--P004--T0000--Z004--C00.tif
C:/Users/Hugo/AppData/Local/Temp/RtmpI5fMtE/raw/TileScan 3_D4-4_z4_ch01.tif|C:/Users/Hugo/AppData/Local/Temp/RtmpI5fMtE/testplate/W0040--D04--040/P004--D04--040/testplate--D04--040--W0040--P004--T0000--Z004--C01.tif
C:/Users/Hugo/AppData/Local/Temp/RtmpI5fMtE/raw/TileScan 3_E5-1_z0_ch00.tif|C:/Users/Hugo/AppData/Local/Temp/RtmpI5fMtE/testplate/W0053--E05--053/P001--E05--053/testplate--E05--053--W0053--P001--T0000--Z000--C00.tif
C:/Users/Hugo/AppData/Local/Temp/RtmpI5fMtE/raw/TileScan 3_E5-1_z0_ch01.tif|C:/Users/Hugo/AppData/Local/Temp/RtmpI5fMtE/testplate/W0053--E05--053/P001--E05--053/testplate--E05--053--W0053--P001--T0000--Z000--C01.tif
C:/Users/Hugo/AppData/Local/Temp/RtmpI5fMtE/raw/TileScan 3_E5-1_z1_ch00.tif|C:/Users/Hugo/AppData/Local/Temp/RtmpI5fMtE/testplate/W0053--E05--053/P001--E05--053/testplate--E05--053--W0053--P001--T0000--Z001--C00.tif
C:/Users/Hugo/AppData/Local/Temp/RtmpI5fMtE/raw/TileScan 3_E5-1_z1_ch01.tif|C:/Users/Hugo/AppData/Local/Temp/RtmpI5fMtE/testplate/W0053--E05--053/P001--E05--053/testplate--E05--053--W0053--P001--T0000--Z001--C01.tif
C:/Users/Hugo/AppData/Local/Temp/RtmpI5fMtE/raw/TileScan 3_E5-1_z2_ch00.tif|C:/Users/Hugo/AppData/Local/Temp/RtmpI5fMtE/testplate/W0053--E05--053/P001--E05--053/testplate--E05--053--W0053--P001--T0000--Z002--C00.tif
C:/Users/Hugo/AppData/Local/Temp/RtmpI5fMtE/raw/TileScan 3_E5-1_z2_ch01.tif|C:/Users/Hugo/AppData/Local/Temp/RtmpI5fMtE/testplate/W0053--E05--053/P001--E05--053/testplate--E05--053--W0053--P001--T0000--Z002--C01.tif
C:/Users/Hugo/AppData/Local/Temp/RtmpI5fMtE/raw/TileScan 3_E5-1_z3_ch00.tif|C:/Users/Hugo/AppData/Local/Temp/RtmpI5fMtE/testplate/W0053--E05--053/P001--E05--053/testplate--E05--053--W0053--P001--T0000--Z003--C00.tif
C:/Users/Hugo/AppData/Local/Temp/RtmpI5fMtE/raw/TileScan 3_E5-1_z3_ch01.tif|C:/Users/Hugo/AppData/Local/Temp/RtmpI5fMtE/testplate/W0053--E05--053/P001--E05--053/testplate--E05--053--W0053--P001--T0000--Z003--C01.tif
C:/Users/Hugo/AppData/Local/Temp/RtmpI5fMtE/raw/TileScan 3_E5-1_z4_ch00.tif|C:/Users/Hugo/AppData/Local/Temp/RtmpI5fMtE/testplate/W0053--E05--053/P001--E05--053/testplate--E05--053--W0053--P001--T0000--Z004--C00.tif
C:/Users/Hugo/AppData/Local/Temp/RtmpI5fMtE/raw/TileScan 3_E5-1_z4_ch01.tif|C:/Users/Hugo/AppData/Local/Temp/RtmpI5fMtE/testplate/W0053--E05--053/P001--E05--053/testplate--E05--053--W0053--P001--T0000--Z004--C01.tif
C:/Users/Hugo/AppData/Local/Temp/RtmpI5fMtE/raw/TileScan 3_E5-2_z0_ch00.tif|C:/Users/Hugo/AppData/Local/Temp/RtmpI5fMtE/testplate/W0053--E05--053/P002--E05--053/testplate--E05--053--W0053--P002--T0000--Z000--C00.tif
C:/Users/Hugo/AppData/Local/Temp/RtmpI5fMtE/raw/TileScan 3_E5-2_z0_ch01.tif|C:/Users/Hugo/AppData/Local/Temp/RtmpI5fMtE/testplate/W0053--E05--053/P002--E05--053/testplate--E05--053--W0053--P002--T0000--Z000--C01.tif
C:/Users/Hugo/AppData/Local/Temp/RtmpI5fMtE/raw/TileScan 3_E5-2_z1_ch00.tif|C:/Users/Hugo/AppData/Local/Temp/RtmpI5fMtE/testplate/W0053--E05--053/P002--E05--053/testplate--E05--053--W0053--P002--T0000--Z001--C00.tif
C:/Users/Hugo/AppData/Local/Temp/RtmpI5fMtE/raw/TileScan 3_E5-2_z1_ch01.tif|C:/Users/Hugo/AppData/Local/Temp/RtmpI5fMtE/testplate/W0053--E05--053/P002--E05--053/testplate--E05--053--W0053--P002--T0000--Z001--C01.tif
C:/Users/Hugo/AppData/Local/Temp/RtmpI5fMtE/raw/TileScan 3_E5-2_z2_ch00.tif|C:/Users/Hugo/AppData/Local/Temp/RtmpI5fMtE/testplate/W0053--E05--053/P002--E05--053/testplate--E05--053--W0053--P002--T0000--Z002--C00.tif
C:/Users/Hugo/AppData/Local/Temp/RtmpI5fMtE/raw/TileScan 3_E5-2_z2_ch01.tif|C:/Users/Hugo/AppData/Local/Temp/RtmpI5fMtE/testplate/W0053--E05--053/P002--E05--053/testplate--E05--053--W0053--P002--T0000--Z002--C01.tif
C:/Users/Hugo/AppData/Local/Temp/RtmpI5fMtE/raw/TileScan 3_E5-2_z3_ch00.tif|C:/Users/Hugo/AppData/Local/Temp/RtmpI5fMtE/testplate/W0053--E05--053/P002--E05--053/testplate--E05--053--W0053--P002--T0000--Z003--C00.tif
C:/Users/Hugo/AppData/Local/Temp/RtmpI5fMtE/raw/TileScan 3_E5-2_z3_ch01.tif|C:/Users/Hugo/AppData/Local/Temp/RtmpI5fMtE/testplate/W0053--E05--053/P002--E05--053/testplate--E05--053--W0053--P002--T0000--Z003--C01.tif
C:/Users/Hugo/AppData/Local/Temp/RtmpI5fMtE/raw/TileScan 3_E5-2_z4_ch00.tif|C:/Users/Hugo/AppData/Local/Temp/RtmpI5fMtE/testplate/W0053--E05--053/P002--E05--053/testplate--E05--053--W0053--P002--T0000--Z004--C00.tif
C:/Users/Hugo/AppData/Local/Temp/RtmpI5fMtE/raw/TileScan 3_E5-2_z4_ch01.tif|C:/Users/Hugo/AppData/Local/Temp/RtmpI5fMtE/testplate/W0053--E05--053/P002--E05--053/testplate--E05--053--W0053--P002--T0000--Z004--C01.tif
C:/Users/Hugo/AppData/Local/Temp/RtmpI5fMtE/raw/TileScan 3_E5-3_z0_ch00.tif|C:/Users/Hugo/AppData/Local/Temp/RtmpI5fMtE/testplate/W0053--E05--053/P003--E05--053/testplate--E05--053--W0053--P003--T0000--Z000--C00.tif
C:/Users/Hugo/AppData/Local/Temp/RtmpI5fMtE/raw/TileScan 3_E5-3_z0_ch01.tif|C:/Users/Hugo/AppData/Local/Temp/RtmpI5fMtE/testplate/W0053--E05--053/P003--E05--053/testplate--E05--053--W0053--P003--T0000--Z000--C01.tif
C:/Users/Hugo/AppData/Local/Temp/RtmpI5fMtE/raw/TileScan 3_E5-3_z1_ch00.tif|C:/Users/Hugo/AppData/Local/Temp/RtmpI5fMtE/testplate/W0053--E05--053/P003--E05--053/testplate--E05--053--W0053--P003--T0000--Z001--C00.tif
C:/Users/Hugo/AppData/Local/Temp/RtmpI5fMtE/raw/TileScan 3_E5-3_z1_ch01.tif|C:/Users/Hugo/AppData/Local/Temp/RtmpI5fMtE/testplate/W0053--E05--053/P003--E05--053/testplate--E05--053--W0053--P003--T0000--Z001--C01.tif
C:/Users/Hugo/AppData/Local/Temp/RtmpI5fMtE/raw/TileScan 3_E5-3_z2_ch00.tif|C:/Users/Hugo/AppData/Local/Temp/RtmpI5fMtE/testplate/W0053--E05--053/P003--E05--053/testplate--E05--053--W0053--P003--T0000--Z002--C00.tif
C:/Users/Hugo/AppData/Local/Temp/RtmpI5fMtE/raw/TileScan 3_E5-3_z2_ch01.tif|C:/Users/Hugo/AppData/Local/Temp/RtmpI5fMtE/testplate/W0053--E05--053/P003--E05--053/testplate--E05--053--W0053--P003--T0000--Z002--C01.tif
C:/Users/Hugo/AppData/Local/Temp/RtmpI5fMtE/raw/TileScan 3_E5-3_z3_ch00.tif|C:/Users/Hugo/AppData/Local/Temp/RtmpI5fMtE/testplate/W0053--E05--053/P003--E05--053/testplate--E05--053--W0053--P003--T0000--Z003--C00.tif
C:/Users/Hugo/AppData/Local/Temp/RtmpI5fMtE/raw/TileScan 3_E5-3_z3_ch01.tif|C:/Users/Hugo/AppData/Local/Temp/RtmpI5fMtE/testplate/W0053--E05--053/P003--E05--053/testplate--E05--053--W0053--P003--T0000--Z003--C01.tif
C:/Users/Hugo/AppData/Local/Temp/RtmpI5fMtE/raw/TileScan 3_E5-3_z4_ch00.tif|C:/Users/Hugo/AppData/Local/Temp/RtmpI5fMtE/testplate/W0053--E05--053/P003--E05--053/testplate--E05--053--W0053--P003--T0000--Z004--C00.tif
C:/Users/Hugo/AppData/Local/Temp/RtmpI5fMtE/raw/TileScan 3_E5-3_z4_ch01.tif|C:/Users/Hugo/AppData/Local/Temp/RtmpI5fMtE/testplate/W0053--E05--053/P003--E05--053/testplate--E05--053--W0053--P003--T0000--Z004--C01.tif
C:/Users/Hugo/AppData/Local/Temp/RtmpI5fMtE/raw/TileScan 3_E5-4_z0_ch00.tif|C:/Users/Hugo/AppData/Local/Temp/RtmpI5fMtE/testplate/W0053--E05--053/P004--E05--053/testplate--E05--053--W0053--P004--T0000--Z000--C00.tif
C:/Users/Hugo/AppData/Local/Temp/RtmpI5fMtE/raw/TileScan 3_E5-4_z0_ch01.tif|C:/Users/Hugo/AppData/Local/Temp/RtmpI5fMtE/testplate/W0053--E05--053/P004--E05--053/testplate--E05--053--W0053--P004--T0000--Z000--C01.tif
C:/Users/Hugo/AppData/Local/Temp/RtmpI5fMtE/raw/TileScan 3_E5-4_z1_ch00.tif|C:/Users/Hugo/AppData/Local/Temp/RtmpI5fMtE/testplate/W0053--E05--053/P004--E05--053/testplate--E05--053--W0053--P004--T0000--Z001--C00.tif
C:/Users/Hugo/AppData/Local/Temp/RtmpI5fMtE/raw/TileScan 3_E5-4_z1_ch01.tif|C:/Users/Hugo/AppData/Local/Temp/RtmpI5fMtE/testplate/W0053--E05--053/P004--E05--053/testplate--E05--053--W0053--P004--T0000--Z001--C01.tif
C:/Users/Hugo/AppData/Local/Temp/RtmpI5fMtE/raw/TileScan 3_E5-4_z2_ch00.tif|C:/Users/Hugo/AppData/Local/Temp/RtmpI5fMtE/testplate/W0053--E05--053/P004--E05--053/testplate--E05--053--W0053--P004--T0000--Z002--C00.tif
C:/Users/Hugo/AppData/Local/Temp/RtmpI5fMtE/raw/TileScan 3_E5-4_z2_ch01.tif|C:/Users/Hugo/AppData/Local/Temp/RtmpI5fMtE/testplate/W0053--E05--053/P004--E05--053/testplate--E05--053--W0053--P004--T0000--Z002--C01.tif
C:/Users/Hugo/AppData/Local/Temp/RtmpI5fMtE/raw/TileScan 3_E5-4_z3_ch00.tif|C:/Users/Hugo/AppData/Local/Temp/RtmpI5fMtE/testplate/W0053--E05--053/P004--E05--053/testplate--E05--053--W0053--P004--T0000--Z003--C00.tif
C:/Users/Hugo/AppData/Local/Temp/RtmpI5fMtE/raw/TileScan 3_E5-4_z3_ch01.tif|C:/Users/Hugo/AppData/Local/Temp/RtmpI5fMtE/testplate/W0053--E05--053/P004--E05--053/testplate--E05--053--W0053--P004--T0000--Z003--C01.tif
C:/Users/Hugo/AppData/Local/Temp/RtmpI5fMtE/raw/TileScan 3_E5-4_z4_ch00.tif|C:/Users/Hugo/AppData/Local/Temp/RtmpI5fMtE/testplate/W0053--E05--053/P004--E05--053/testplate--E05--053--W0053--P004--T0000--Z004--C00.tif
C:/Users/Hugo/AppData/Local/Temp/RtmpI5fMtE/raw/TileScan 3_E5-4_z4_ch01.tif|C:/Users/Hugo/AppData/Local/Temp/RtmpI5fMtE/testplate/W0053--E05--053/P004--E05--053/testplate--E05--053--W0053--P004--T0000--Z004--C01.tif
C:/Users/Hugo/AppData/Local/Temp/RtmpI5fMtE/raw/TileScan 3_F6-1_z0_ch00.tif|C:/Users/Hugo/AppData/Local/Temp/RtmpI5fMtE/testplate/W0066--F06--066/P001--F06--066/testplate--F06--066--W0066--P001--T0000--Z000--C00.tif
C:/Users/Hugo/AppData/Local/Temp/RtmpI5fMtE/raw/TileScan 3_F6-1_z0_ch01.tif|C:/Users/Hugo/AppData/Local/Temp/RtmpI5fMtE/testplate/W0066--F06--066/P001--F06--066/testplate--F06--066--W0066--P001--T0000--Z000--C01.tif
C:/Users/Hugo/AppData/Local/Temp/RtmpI5fMtE/raw/TileScan 3_F6-1_z1_ch00.tif|C:/Users/Hugo/AppData/Local/Temp/RtmpI5fMtE/testplate/W0066--F06--066/P001--F06--066/testplate--F06--066--W0066--P001--T0000--Z001--C00.tif
C:/Users/Hugo/AppData/Local/Temp/RtmpI5fMtE/raw/TileScan 3_F6-1_z1_ch01.tif|C:/Users/Hugo/AppData/Local/Temp/RtmpI5fMtE/testplate/W0066--F06--066/P001--F06--066/testplate--F06--066--W0066--P001--T0000--Z001--C01.tif
C:/Users/Hugo/AppData/Local/Temp/RtmpI5fMtE/raw/TileScan 3_F6-1_z2_ch00.tif|C:/Users/Hugo/AppData/Local/Temp/RtmpI5fMtE/testplate/W0066--F06--066/P001--F06--066/testplate--F06--066--W0066--P001--T0000--Z002--C00.tif
C:/Users/Hugo/AppData/Local/Temp/RtmpI5fMtE/raw/TileScan 3_F6-1_z2_ch01.tif|C:/Users/Hugo/AppData/Local/Temp/RtmpI5fMtE/testplate/W0066--F06--066/P001--F06--066/testplate--F06--066--W0066--P001--T0000--Z002--C01.tif
C:/Users/Hugo/AppData/Local/Temp/RtmpI5fMtE/raw/TileScan 3_F6-1_z3_ch00.tif|C:/Users/Hugo/AppData/Local/Temp/RtmpI5fMtE/testplate/W0066--F06--066/P001--F06--066/testplate--F06--066--W0066--P001--T0000--Z003--C00.tif
C:/Users/Hugo/AppData/Local/Temp/RtmpI5fMtE/raw/TileScan 3_F6-1_z3_ch01.tif|C:/Users/Hugo/AppData/Local/Temp/RtmpI5fMtE/testplate/W0066--F06--066/P001--F06--066/testplate--F06--066--W0066--P001--T0000--Z003--C01.tif
C:/Users/Hugo/AppData/Local/Temp/RtmpI5fMtE/raw/TileScan 3_F6-1_z4_ch00.tif|C:/Users/Hugo/AppData/Local/Temp/RtmpI5fMtE/testplate/W0066--F06--066/P001--F06--066/testplate--F06--066--W0066--P001--T0000--Z004--C00.tif
C:/Users/Hugo/AppData/Local/Temp/RtmpI5fMtE/raw/TileScan 3_F6-1_z4_ch01.tif|C:/Users/Hugo/AppData/Local/Temp/RtmpI5fMtE/testplate/W0066--F06--066/P001--F06--066/testplate--F06--066--W0066--P001--T0000--Z004--C01.tif
C:/Users/Hugo/AppData/Local/Temp/RtmpI5fMtE/raw/TileScan 3_F6-2_z0_ch00.tif|C:/Users/Hugo/AppData/Local/Temp/RtmpI5fMtE/testplate/W0066--F06--066/P002--F06--066/testplate--F06--066--W0066--P002--T0000--Z000--C00.tif
C:/Users/Hugo/AppData/Local/Temp/RtmpI5fMtE/raw/TileScan 3_F6-2_z0_ch01.tif|C:/Users/Hugo/AppData/Local/Temp/RtmpI5fMtE/testplate/W0066--F06--066/P002--F06--066/testplate--F06--066--W0066--P002--T0000--Z000--C01.tif
C:/Users/Hugo/AppData/Local/Temp/RtmpI5fMtE/raw/TileScan 3_F6-2_z1_ch00.tif|C:/Users/Hugo/AppData/Local/Temp/RtmpI5fMtE/testplate/W0066--F06--066/P002--F06--066/testplate--F06--066--W0066--P002--T0000--Z001--C00.tif
C:/Users/Hugo/AppData/Local/Temp/RtmpI5fMtE/raw/TileScan 3_F6-2_z1_ch01.tif|C:/Users/Hugo/AppData/Local/Temp/RtmpI5fMtE/testplate/W0066--F06--066/P002--F06--066/testplate--F06--066--W0066--P002--T0000--Z001--C01.tif
C:/Users/Hugo/AppData/Local/Temp/RtmpI5fMtE/raw/TileScan 3_F6-2_z2_ch00.tif|C:/Users/Hugo/AppData/Local/Temp/RtmpI5fMtE/testplate/W0066--F06--066/P002--F06--066/testplate--F06--066--W0066--P002--T0000--Z002--C00.tif
C:/Users/Hugo/AppData/Local/Temp/RtmpI5fMtE/raw/TileScan 3_F6-2_z2_ch01.tif|C:/Users/Hugo/AppData/Local/Temp/RtmpI5fMtE/testplate/W0066--F06--066/P002--F06--066/testplate--F06--066--W0066--P002--T0000--Z002--C01.tif
C:/Users/Hugo/AppData/Local/Temp/RtmpI5fMtE/raw/TileScan 3_F6-2_z3_ch00.tif|C:/Users/Hugo/AppData/Local/Temp/RtmpI5fMtE/testplate/W0066--F06--066/P002--F06--066/testplate--F06--066--W0066--P002--T0000--Z003--C00.tif
C:/Users/Hugo/AppData/Local/Temp/RtmpI5fMtE/raw/TileScan 3_F6-2_z3_ch01.tif|C:/Users/Hugo/AppData/Local/Temp/RtmpI5fMtE/testplate/W0066--F06--066/P002--F06--066/testplate--F06--066--W0066--P002--T0000--Z003--C01.tif
C:/Users/Hugo/AppData/Local/Temp/RtmpI5fMtE/raw/TileScan 3_F6-2_z4_ch00.tif|C:/Users/Hugo/AppData/Local/Temp/RtmpI5fMtE/testplate/W0066--F06--066/P002--F06--066/testplate--F06--066--W0066--P002--T0000--Z004--C00.tif
C:/Users/Hugo/AppData/Local/Temp/RtmpI5fMtE/raw/TileScan 3_F6-2_z4_ch01.tif|C:/Users/Hugo/AppData/Local/Temp/RtmpI5fMtE/testplate/W0066--F06--066/P002--F06--066/testplate--F06--066--W0066--P002--T0000--Z004--C01.tif
C:/Users/Hugo/AppData/Local/Temp/RtmpI5fMtE/raw/TileScan 3_F6-3_z0_ch00.tif|C:/Users/Hugo/AppData/Local/Temp/RtmpI5fMtE/testplate/W0066--F06--066/P003--F06--066/testplate--F06--066--W0066--P003--T0000--Z000--C00.tif
C:/Users/Hugo/AppData/Local/Temp/RtmpI5fMtE/raw/TileScan 3_F6-3_z0_ch01.tif|C:/Users/Hugo/AppData/Local/Temp/RtmpI5fMtE/testplate/W0066--F06--066/P003--F06--066/testplate--F06--066--W0066--P003--T0000--Z000--C01.tif
C:/Users/Hugo/AppData/Local/Temp/RtmpI5fMtE/raw/TileScan 3_F6-3_z1_ch00.tif|C:/Users/Hugo/AppData/Local/Temp/RtmpI5fMtE/testplate/W0066--F06--066/P003--F06--066/testplate--F06--066--W0066--P003--T0000--Z001--C00.tif
C:/Users/Hugo/AppData/Local/Temp/RtmpI5fMtE/raw/TileScan 3_F6-3_z1_ch01.tif|C:/Users/Hugo/AppData/Local/Temp/RtmpI5fMtE/testplate/W0066--F06--066/P003--F06--066/testplate--F06--066--W0066--P003--T0000--Z001--C01.tif
C:/Users/Hugo/AppData/Local/Temp/RtmpI5fMtE/raw/TileScan 3_F6-3_z2_ch00.tif|C:/Users/Hugo/AppData/Local/Temp/RtmpI5fMtE/testplate/W0066--F06--066/P003--F06--066/testplate--F06--066--W0066--P003--T0000--Z002--C00.tif
C:/Users/Hugo/AppData/Local/Temp/RtmpI5fMtE/raw/TileScan 3_F6-3_z2_ch01.tif|C:/Users/Hugo/AppData/Local/Temp/RtmpI5fMtE/testplate/W0066--F06--066/P003--F06--066/testplate--F06--066--W0066--P003--T0000--Z002--C01.tif
C:/Users/Hugo/AppData/Local/Temp/RtmpI5fMtE/raw/TileScan 3_F6-3_z3_ch00.tif|C:/Users/Hugo/AppData/Local/Temp/RtmpI5fMtE/testplate/W0066--F06--066/P003--F06--066/testplate--F06--066--W0066--P003--T0000--Z003--C00.tif
C:/Users/Hugo/AppData/Local/Temp/RtmpI5fMtE/raw/TileScan 3_F6-3_z3_ch01.tif|C:/Users/Hugo/AppData/Local/Temp/RtmpI5fMtE/testplate/W0066--F06--066/P003--F06--066/testplate--F06--066--W0066--P003--T0000--Z003--C01.tif
C:/Users/Hugo/AppData/Local/Temp/RtmpI5fMtE/raw/TileScan 3_F6-3_z4_ch00.tif|C:/Users/Hugo/AppData/Local/Temp/RtmpI5fMtE/testplate/W0066--F06--066/P003--F06--066/testplate--F06--066--W0066--P003--T0000--Z004--C00.tif
C:/Users/Hugo/AppData/Local/Temp/RtmpI5fMtE/raw/TileScan 3_F6-3_z4_ch01.tif|C:/Users/Hugo/AppData/Local/Temp/RtmpI5fMtE/testplate/W0066--F06--066/P003--F06--066/testplate--F06--066--W0066--P003--T0000--Z004--C01.tif
C:/Users/Hugo/AppData/Local/Temp/RtmpI5fMtE/raw/TileScan 3_F6-4_z0_ch00.tif|C:/Users/Hugo/AppData/Local/Temp/RtmpI5fMtE/testplate/W0066--F06--066/P004--F06--066/testplate--F06--066--W0066--P004--T0000--Z000--C00.tif
C:/Users/Hugo/AppData/Local/Temp/RtmpI5fMtE/raw/TileScan 3_F6-4_z0_ch01.tif|C:/Users/Hugo/AppData/Local/Temp/RtmpI5fMtE/testplate/W0066--F06--066/P004--F06--066/testplate--F06--066--W0066--P004--T0000--Z000--C01.tif
C:/Users/Hugo/AppData/Local/Temp/RtmpI5fMtE/raw/TileScan 3_F6-4_z1_ch00.tif|C:/Users/Hugo/AppData/Local/Temp/RtmpI5fMtE/testplate/W0066--F06--066/P004--F06--066/testplate--F06--066--W0066--P004--T0000--Z001--C00.tif
C:/Users/Hugo/AppData/Local/Temp/RtmpI5fMtE/raw/TileScan 3_F6-4_z1_ch01.tif|C:/Users/Hugo/AppData/Local/Temp/RtmpI5fMtE/testplate/W0066--F06--066/P004--F06--066/testplate--F06--066--W0066--P004--T0000--Z001--C01.tif
C:/Users/Hugo/AppData/Local/Temp/RtmpI5fMtE/raw/TileScan 3_F6-4_z2_ch00.tif|C:/Users/Hugo/AppData/Local/Temp/RtmpI5fMtE/testplate/W0066--F06--066/P004--F06--066/testplate--F06--066--W0066--P004--T0000--Z002--C00.tif
C:/Users/Hugo/AppData/Local/Temp/RtmpI5fMtE/raw/TileScan 3_F6-4_z2_ch01.tif|C:/Users/Hugo/AppData/Local/Temp/RtmpI5fMtE/testplate/W0066--F06--066/P004--F06--066/testplate--F06--066--W0066--P004--T0000--Z002--C01.tif
C:/Users/Hugo/AppData/Local/Temp/RtmpI5fMtE/raw/TileScan 3_F6-4_z3_ch00.tif|C:/Users/Hugo/AppData/Local/Temp/RtmpI5fMtE/testplate/W0066--F06--066/P004--F06--066/testplate--F06--066--W0066--P004--T0000--Z003--C00.tif
C:/Users/Hugo/AppData/Local/Temp/RtmpI5fMtE/raw/TileScan 3_F6-4_z3_ch01.tif|C:/Users/Hugo/AppData/Local/Temp/RtmpI5fMtE/testplate/W0066--F06--066/P004--F06--066/testplate--F06--066--W0066--P004--T0000--Z003--C01.tif
C:/Users/Hugo/AppData/Local/Temp/RtmpI5fMtE/raw/TileScan 3_F6-4_z4_ch00.tif|C:/Users/Hugo/AppData/Local/Temp/RtmpI5fMtE/testplate/W0066--F06--066/P004--F06--066/testplate--F06--066--W0066--P004--T0000--Z004--C00.tif
C:/Users/Hugo/AppData/Local/Temp/RtmpI5fMtE/raw/TileScan 3_F6-4_z4_ch01.tif|C:/Users/Hugo/AppData/Local/Temp/RtmpI5fMtE/testplate/W0066--F06--066/P004--F06--066/testplate--F06--066--W0066--P004--T0000--Z004--C01.tif
C:/Users/Hugo/AppData/Local/Temp/RtmpI5fMtE/raw/TileScan 3_G7-1_z0_ch00.tif|C:/Users/Hugo/AppData/Local/Temp/RtmpI5fMtE/testplate/W0079--G07--079/P001--G07--079/testplate--G07--079--W0079--P001--T0000--Z000--C00.tif
C:/Users/Hugo/AppData/Local/Temp/RtmpI5fMtE/raw/TileScan 3_G7-1_z0_ch01.tif|C:/Users/Hugo/AppData/Local/Temp/RtmpI5fMtE/testplate/W0079--G07--079/P001--G07--079/testplate--G07--079--W0079--P001--T0000--Z000--C01.tif
C:/Users/Hugo/AppData/Local/Temp/RtmpI5fMtE/raw/TileScan 3_G7-1_z1_ch00.tif|C:/Users/Hugo/AppData/Local/Temp/RtmpI5fMtE/testplate/W0079--G07--079/P001--G07--079/testplate--G07--079--W0079--P001--T0000--Z001--C00.tif
C:/Users/Hugo/AppData/Local/Temp/RtmpI5fMtE/raw/TileScan 3_G7-1_z1_ch01.tif|C:/Users/Hugo/AppData/Local/Temp/RtmpI5fMtE/testplate/W0079--G07--079/P001--G07--079/testplate--G07--079--W0079--P001--T0000--Z001--C01.tif
C:/Users/Hugo/AppData/Local/Temp/RtmpI5fMtE/raw/TileScan 3_G7-1_z2_ch00.tif|C:/Users/Hugo/AppData/Local/Temp/RtmpI5fMtE/testplate/W0079--G07--079/P001--G07--079/testplate--G07--079--W0079--P001--T0000--Z002--C00.tif
C:/Users/Hugo/AppData/Local/Temp/RtmpI5fMtE/raw/TileScan 3_G7-1_z2_ch01.tif|C:/Users/Hugo/AppData/Local/Temp/RtmpI5fMtE/testplate/W0079--G07--079/P001--G07--079/testplate--G07--079--W0079--P001--T0000--Z002--C01.tif
C:/Users/Hugo/AppData/Local/Temp/RtmpI5fMtE/raw/TileScan 3_G7-1_z3_ch00.tif|C:/Users/Hugo/AppData/Local/Temp/RtmpI5fMtE/testplate/W0079--G07--079/P001--G07--079/testplate--G07--079--W0079--P001--T0000--Z003--C00.tif
C:/Users/Hugo/AppData/Local/Temp/RtmpI5fMtE/raw/TileScan 3_G7-1_z3_ch01.tif|C:/Users/Hugo/AppData/Local/Temp/RtmpI5fMtE/testplate/W0079--G07--079/P001--G07--079/testplate--G07--079--W0079--P001--T0000--Z003--C01.tif
C:/Users/Hugo/AppData/Local/Temp/RtmpI5fMtE/raw/TileScan 3_G7-1_z4_ch00.tif|C:/Users/Hugo/AppData/Local/Temp/RtmpI5fMtE/testplate/W0079--G07--079/P001--G07--079/testplate--G07--079--W0079--P001--T0000--Z004--C00.tif
C:/Users/Hugo/AppData/Local/Temp/RtmpI5fMtE/raw/TileScan 3_G7-1_z4_ch01.tif|C:/Users/Hugo/AppData/Local/Temp/RtmpI5fMtE/testplate/W0079--G07--079/P001--G07--079/testplate--G07--079--W0079--P001--T0000--Z004--C01.tif
C:/Users/Hugo/AppData/Local/Temp/RtmpI5fMtE/raw/TileScan 3_G7-2_z0_ch00.tif|C:/Users/Hugo/AppData/Local/Temp/RtmpI5fMtE/testplate/W0079--G07--079/P002--G07--079/testplate--G07--079--W0079--P002--T0000--Z000--C00.tif
C:/Users/Hugo/AppData/Local/Temp/RtmpI5fMtE/raw/TileScan 3_G7-2_z0_ch01.tif|C:/Users/Hugo/AppData/Local/Temp/RtmpI5fMtE/testplate/W0079--G07--079/P002--G07--079/testplate--G07--079--W0079--P002--T0000--Z000--C01.tif
C:/Users/Hugo/AppData/Local/Temp/RtmpI5fMtE/raw/TileScan 3_G7-2_z1_ch00.tif|C:/Users/Hugo/AppData/Local/Temp/RtmpI5fMtE/testplate/W0079--G07--079/P002--G07--079/testplate--G07--079--W0079--P002--T0000--Z001--C00.tif
C:/Users/Hugo/AppData/Local/Temp/RtmpI5fMtE/raw/TileScan 3_G7-2_z1_ch01.tif|C:/Users/Hugo/AppData/Local/Temp/RtmpI5fMtE/testplate/W0079--G07--079/P002--G07--079/testplate--G07--079--W0079--P002--T0000--Z001--C01.tif
C:/Users/Hugo/AppData/Local/Temp/RtmpI5fMtE/raw/TileScan 3_G7-2_z2_ch00.tif|C:/Users/Hugo/AppData/Local/Temp/RtmpI5fMtE/testplate/W0079--G07--079/P002--G07--079/testplate--G07--079--W0079--P002--T0000--Z002--C00.tif
C:/Users/Hugo/AppData/Local/Temp/RtmpI5fMtE/raw/TileScan 3_G7-2_z2_ch01.tif|C:/Users/Hugo/AppData/Local/Temp/RtmpI5fMtE/testplate/W0079--G07--079/P002--G07--079/testplate--G07--079--W0079--P002--T0000--Z002--C01.tif
C:/Users/Hugo/AppData/Local/Temp/RtmpI5fMtE/raw/TileScan 3_G7-2_z3_ch00.tif|C:/Users/Hugo/AppData/Local/Temp/RtmpI5fMtE/testplate/W0079--G07--079/P002--G07--079/testplate--G07--079--W0079--P002--T0000--Z003--C00.tif
C:/Users/Hugo/AppData/Local/Temp/RtmpI5fMtE/raw/TileScan 3_G7-2_z3_ch01.tif|C:/Users/Hugo/AppData/Local/Temp/RtmpI5fMtE/testplate/W0079--G07--079/P002--G07--079/testplate--G07--079--W0079--P002--T0000--Z003--C01.tif
C:/Users/Hugo/AppData/Local/Temp/RtmpI5fMtE/raw/TileScan 3_G7-2_z4_ch00.tif|C:/Users/Hugo/AppData/Local/Temp/RtmpI5fMtE/testplate/W0079--G07--079/P002--G07--079/testplate--G07--079--W0079--P002--T0000--Z004--C00.tif
C:/Users/Hugo/AppData/Local/Temp/RtmpI5fMtE/raw/TileScan 3_G7-2_z4_ch01.tif|C:/Users/Hugo/AppData/Local/Temp/RtmpI5fMtE/testplate/W0079--G07--079/P002--G07--079/testplate--G07--079--W0079--P002--T0000--Z004--C01.tif
C:/Users/Hugo/AppData/Local/Temp/RtmpI5fMtE/raw/TileScan 3_G7-3_z0_ch00.tif|C:/Users/Hugo/AppData/Local/Temp/RtmpI5fMtE/testplate/W0079--G07--079/P003--G07--079/testplate--G07--079--W0079--P003--T0000--Z000--C00.tif
C:/Users/Hugo/AppData/Local/Temp/RtmpI5fMtE/raw/TileScan 3_G7-3_z0_ch01.tif|C:/Users/Hugo/AppData/Local/Temp/RtmpI5fMtE/testplate/W0079--G07--079/P003--G07--079/testplate--G07--079--W0079--P003--T0000--Z000--C01.tif
C:/Users/Hugo/AppData/Local/Temp/RtmpI5fMtE/raw/TileScan 3_G7-3_z1_ch00.tif|C:/Users/Hugo/AppData/Local/Temp/RtmpI5fMtE/testplate/W0079--G07--079/P003--G07--079/testplate--G07--079--W0079--P003--T0000--Z001--C00.tif
C:/Users/Hugo/AppData/Local/Temp/RtmpI5fMtE/raw/TileScan 3_G7-3_z1_ch01.tif|C:/Users/Hugo/AppData/Local/Temp/RtmpI5fMtE/testplate/W0079--G07--079/P003--G07--079/testplate--G07--079--W0079--P003--T0000--Z001--C01.tif
C:/Users/Hugo/AppData/Local/Temp/RtmpI5fMtE/raw/TileScan 3_G7-3_z2_ch00.tif|C:/Users/Hugo/AppData/Local/Temp/RtmpI5fMtE/testplate/W0079--G07--079/P003--G07--079/testplate--G07--079--W0079--P003--T0000--Z002--C00.tif
C:/Users/Hugo/AppData/Local/Temp/RtmpI5fMtE/raw/TileScan 3_G7-3_z2_ch01.tif|C:/Users/Hugo/AppData/Local/Temp/RtmpI5fMtE/testplate/W0079--G07--079/P003--G07--079/testplate--G07--079--W0079--P003--T0000--Z002--C01.tif
C:/Users/Hugo/AppData/Local/Temp/RtmpI5fMtE/raw/TileScan 3_G7-3_z3_ch00.tif|C:/Users/Hugo/AppData/Local/Temp/RtmpI5fMtE/testplate/W0079--G07--079/P003--G07--079/testplate--G07--079--W0079--P003--T0000--Z003--C00.tif
C:/Users/Hugo/AppData/Local/Temp/RtmpI5fMtE/raw/TileScan 3_G7-3_z3_ch01.tif|C:/Users/Hugo/AppData/Local/Temp/RtmpI5fMtE/testplate/W0079--G07--079/P003--G07--079/testplate--G07--079--W0079--P003--T0000--Z003--C01.tif
C:/Users/Hugo/AppData/Local/Temp/RtmpI5fMtE/raw/TileScan 3_G7-3_z4_ch00.tif|C:/Users/Hugo/AppData/Local/Temp/RtmpI5fMtE/testplate/W0079--G07--079/P003--G07--079/testplate--G07--079--W0079--P003--T0000--Z004--C00.tif
C:/Users/Hugo/AppData/Local/Temp/RtmpI5fMtE/raw/TileScan 3_G7-3_z4_ch01.tif|C:/Users/Hugo/AppData/Local/Temp/RtmpI5fMtE/testplate/W0079--G07--079/P003--G07--079/testplate--G07--079--W0079--P003--T0000--Z004--C01.tif
C:/Users/Hugo/AppData/Local/Temp/RtmpI5fMtE/raw/TileScan 3_G7-4_z0_ch00.tif|C:/Users/Hugo/AppData/Local/Temp/RtmpI5fMtE/testplate/W0079--G07--079/P004--G07--079/testplate--G07--079--W0079--P004--T0000--Z000--C00.tif
C:/Users/Hugo/AppData/Local/Temp/RtmpI5fMtE/raw/TileScan 3_G7-4_z0_ch01.tif|C:/Users/Hugo/AppData/Local/Temp/RtmpI5fMtE/testplate/W0079--G07--079/P004--G07--079/testplate--G07--079--W0079--P004--T0000--Z000--C01.tif
C:/Users/Hugo/AppData/Local/Temp/RtmpI5fMtE/raw/TileScan 3_G7-4_z1_ch00.tif|C:/Users/Hugo/AppData/Local/Temp/RtmpI5fMtE/testplate/W0079--G07--079/P004--G07--079/testplate--G07--079--W0079--P004--T0000--Z001--C00.tif
C:/Users/Hugo/AppData/Local/Temp/RtmpI5fMtE/raw/TileScan 3_G7-4_z1_ch01.tif|C:/Users/Hugo/AppData/Local/Temp/RtmpI5fMtE/testplate/W0079--G07--079/P004--G07--079/testplate--G07--079--W0079--P004--T0000--Z001--C01.tif
C:/Users/Hugo/AppData/Local/Temp/RtmpI5fMtE/raw/TileScan 3_G7-4_z2_ch00.tif|C:/Users/Hugo/AppData/Local/Temp/RtmpI5fMtE/testplate/W0079--G07--079/P004--G07--079/testplate--G07--079--W0079--P004--T0000--Z002--C00.tif
C:/Users/Hugo/AppData/Local/Temp/RtmpI5fMtE/raw/TileScan 3_G7-4_z2_ch01.tif|C:/Users/Hugo/AppData/Local/Temp/RtmpI5fMtE/testplate/W0079--G07--079/P004--G07--079/testplate--G07--079--W0079--P004--T0000--Z002--C01.tif
C:/Users/Hugo/AppData/Local/Temp/RtmpI5fMtE/raw/TileScan 3_G7-4_z3_ch00.tif|C:/Users/Hugo/AppData/Local/Temp/RtmpI5fMtE/testplate/W0079--G07--079/P004--G07--079/testplate--G07--079--W0079--P004--T0000--Z003--C00.tif
C:/Users/Hugo/AppData/Local/Temp/RtmpI5fMtE/raw/TileScan 3_G7-4_z3_ch01.tif|C:/Users/Hugo/AppData/Local/Temp/RtmpI5fMtE/testplate/W0079--G07--079/P004--G07--079/testplate--G07--079--W0079--P004--T0000--Z003--C01.tif
C:/Users/Hugo/AppData/Local/Temp/RtmpI5fMtE/raw/TileScan 3_G7-4_z4_ch00.tif|C:/Users/Hugo/AppData/Local/Temp/RtmpI5fMtE/testplate/W0079--G07--079/P004--G07--079/testplate--G07--079--W0079--P004--T0000--Z004--C00.tif
C:/Users/Hugo/AppData/Local/Temp/RtmpI5fMtE/raw/TileScan 3_G7-4_z4_ch01.tif|C:/Users/Hugo/AppData/Local/Temp/RtmpI5fMtE/testplate/W0079--G07--079/P004--G07--079/testplate--G07--079--W0079--P004--T0000--Z004--C01.tif
C:/Users/Hugo/AppData/Local/Temp/RtmpI5fMtE/raw/TileScan 3_H8-1_z0_ch00.tif|C:/Users/Hugo/AppData/Local/Temp/RtmpI5fMtE/testplate/W0092--H08--092/P001--H08--092/testplate--H08--092--W0092--P001--T0000--Z000--C00.tif
C:/Users/Hugo/AppData/Local/Temp/RtmpI5fMtE/raw/TileScan 3_H8-1_z0_ch01.tif|C:/Users/Hugo/AppData/Local/Temp/RtmpI5fMtE/testplate/W0092--H08--092/P001--H08--092/testplate--H08--092--W0092--P001--T0000--Z000--C01.tif
C:/Users/Hugo/AppData/Local/Temp/RtmpI5fMtE/raw/TileScan 3_H8-1_z1_ch00.tif|C:/Users/Hugo/AppData/Local/Temp/RtmpI5fMtE/testplate/W0092--H08--092/P001--H08--092/testplate--H08--092--W0092--P001--T0000--Z001--C00.tif
C:/Users/Hugo/AppData/Local/Temp/RtmpI5fMtE/raw/TileScan 3_H8-1_z1_ch01.tif|C:/Users/Hugo/AppData/Local/Temp/RtmpI5fMtE/testplate/W0092--H08--092/P001--H08--092/testplate--H08--092--W0092--P001--T0000--Z001--C01.tif
C:/Users/Hugo/AppData/Local/Temp/RtmpI5fMtE/raw/TileScan 3_H8-1_z2_ch00.tif|C:/Users/Hugo/AppData/Local/Temp/RtmpI5fMtE/testplate/W0092--H08--092/P001--H08--092/testplate--H08--092--W0092--P001--T0000--Z002--C00.tif
C:/Users/Hugo/AppData/Local/Temp/RtmpI5fMtE/raw/TileScan 3_H8-1_z2_ch01.tif|C:/Users/Hugo/AppData/Local/Temp/RtmpI5fMtE/testplate/W0092--H08--092/P001--H08--092/testplate--H08--092--W0092--P001--T0000--Z002--C01.tif
C:/Users/Hugo/AppData/Local/Temp/RtmpI5fMtE/raw/TileScan 3_H8-1_z3_ch00.tif|C:/Users/Hugo/AppData/Local/Temp/RtmpI5fMtE/testplate/W0092--H08--092/P001--H08--092/testplate--H08--092--W0092--P001--T0000--Z003--C00.tif
C:/Users/Hugo/AppData/Local/Temp/RtmpI5fMtE/raw/TileScan 3_H8-1_z3_ch01.tif|C:/Users/Hugo/AppData/Local/Temp/RtmpI5fMtE/testplate/W0092--H08--092/P001--H08--092/testplate--H08--092--W0092--P001--T0000--Z003--C01.tif
C:/Users/Hugo/AppData/Local/Temp/RtmpI5fMtE/raw/TileScan 3_H8-1_z4_ch00.tif|C:/Users/Hugo/AppData/Local/Temp/RtmpI5fMtE/testplate/W0092--H08--092/P001--H08--092/testplate--H08--092--W0092--P001--T0000--Z004--C00.tif
C:/Users/Hugo/AppData/Local/Temp/RtmpI5fMtE/raw/TileScan 3_H8-1_z4_ch01.tif|C:/Users/Hugo/AppData/Local/Temp/RtmpI5fMtE/testplate/W0092--H08--092/P001--H08--092/testplate--H08--092--W0092--P001--T0000--Z004--C01.tif
C:/Users/Hugo/AppData/Local/Temp/RtmpI5fMtE/raw/TileScan 3_H8-2_z0_ch00.tif|C:/Users/Hugo/AppData/Local/Temp/RtmpI5fMtE/testplate/W0092--H08--092/P002--H08--092/testplate--H08--092--W0092--P002--T0000--Z000--C00.tif
C:/Users/Hugo/AppData/Local/Temp/RtmpI5fMtE/raw/TileScan 3_H8-2_z0_ch01.tif|C:/Users/Hugo/AppData/Local/Temp/RtmpI5fMtE/testplate/W0092--H08--092/P002--H08--092/testplate--H08--092--W0092--P002--T0000--Z000--C01.tif
C:/Users/Hugo/AppData/Local/Temp/RtmpI5fMtE/raw/TileScan 3_H8-2_z1_ch00.tif|C:/Users/Hugo/AppData/Local/Temp/RtmpI5fMtE/testplate/W0092--H08--092/P002--H08--092/testplate--H08--092--W0092--P002--T0000--Z001--C00.tif
C:/Users/Hugo/AppData/Local/Temp/RtmpI5fMtE/raw/TileScan 3_H8-2_z1_ch01.tif|C:/Users/Hugo/AppData/Local/Temp/RtmpI5fMtE/testplate/W0092--H08--092/P002--H08--092/testplate--H08--092--W0092--P002--T0000--Z001--C01.tif
C:/Users/Hugo/AppData/Local/Temp/RtmpI5fMtE/raw/TileScan 3_H8-2_z2_ch00.tif|C:/Users/Hugo/AppData/Local/Temp/RtmpI5fMtE/testplate/W0092--H08--092/P002--H08--092/testplate--H08--092--W0092--P002--T0000--Z002--C00.tif
C:/Users/Hugo/AppData/Local/Temp/RtmpI5fMtE/raw/TileScan 3_H8-2_z2_ch01.tif|C:/Users/Hugo/AppData/Local/Temp/RtmpI5fMtE/testplate/W0092--H08--092/P002--H08--092/testplate--H08--092--W0092--P002--T0000--Z002--C01.tif
C:/Users/Hugo/AppData/Local/Temp/RtmpI5fMtE/raw/TileScan 3_H8-2_z3_ch00.tif|C:/Users/Hugo/AppData/Local/Temp/RtmpI5fMtE/testplate/W0092--H08--092/P002--H08--092/testplate--H08--092--W0092--P002--T0000--Z003--C00.tif
C:/Users/Hugo/AppData/Local/Temp/RtmpI5fMtE/raw/TileScan 3_H8-2_z3_ch01.tif|C:/Users/Hugo/AppData/Local/Temp/RtmpI5fMtE/testplate/W0092--H08--092/P002--H08--092/testplate--H08--092--W0092--P002--T0000--Z003--C01.tif
C:/Users/Hugo/AppData/Local/Temp/RtmpI5fMtE/raw/TileScan 3_H8-2_z4_ch00.tif|C:/Users/Hugo/AppData/Local/Temp/RtmpI5fMtE/testplate/W0092--H08--092/P002--H08--092/testplate--H08--092--W0092--P002--T0000--Z004--C00.tif
C:/Users/Hugo/AppData/Local/Temp/RtmpI5fMtE/raw/TileScan 3_H8-2_z4_ch01.tif|C:/Users/Hugo/AppData/Local/Temp/RtmpI5fMtE/testplate/W0092--H08--092/P002--H08--092/testplate--H08--092--W0092--P002--T0000--Z004--C01.tif
C:/Users/Hugo/AppData/Local/Temp/RtmpI5fMtE/raw/TileScan 3_H8-3_z0_ch00.tif|C:/Users/Hugo/AppData/Local/Temp/RtmpI5fMtE/testplate/W0092--H08--092/P003--H08--092/testplate--H08--092--W0092--P003--T0000--Z000--C00.tif
C:/Users/Hugo/AppData/Local/Temp/RtmpI5fMtE/raw/TileScan 3_H8-3_z0_ch01.tif|C:/Users/Hugo/AppData/Local/Temp/RtmpI5fMtE/testplate/W0092--H08--092/P003--H08--092/testplate--H08--092--W0092--P003--T0000--Z000--C01.tif
C:/Users/Hugo/AppData/Local/Temp/RtmpI5fMtE/raw/TileScan 3_H8-3_z1_ch00.tif|C:/Users/Hugo/AppData/Local/Temp/RtmpI5fMtE/testplate/W0092--H08--092/P003--H08--092/testplate--H08--092--W0092--P003--T0000--Z001--C00.tif
C:/Users/Hugo/AppData/Local/Temp/RtmpI5fMtE/raw/TileScan 3_H8-3_z1_ch01.tif|C:/Users/Hugo/AppData/Local/Temp/RtmpI5fMtE/testplate/W0092--H08--092/P003--H08--092/testplate--H08--092--W0092--P003--T0000--Z001--C01.tif
C:/Users/Hugo/AppData/Local/Temp/RtmpI5fMtE/raw/TileScan 3_H8-3_z2_ch00.tif|C:/Users/Hugo/AppData/Local/Temp/RtmpI5fMtE/testplate/W0092--H08--092/P003--H08--092/testplate--H08--092--W0092--P003--T0000--Z002--C00.tif
C:/Users/Hugo/AppData/Local/Temp/RtmpI5fMtE/raw/TileScan 3_H8-3_z2_ch01.tif|C:/Users/Hugo/AppData/Local/Temp/RtmpI5fMtE/testplate/W0092--H08--092/P003--H08--092/testplate--H08--092--W0092--P003--T0000--Z002--C01.tif
C:/Users/Hugo/AppData/Local/Temp/RtmpI5fMtE/raw/TileScan 3_H8-3_z3_ch00.tif|C:/Users/Hugo/AppData/Local/Temp/RtmpI5fMtE/testplate/W0092--H08--092/P003--H08--092/testplate--H08--092--W0092--P003--T0000--Z003--C00.tif
C:/Users/Hugo/AppData/Local/Temp/RtmpI5fMtE/raw/TileScan 3_H8-3_z3_ch01.tif|C:/Users/Hugo/AppData/Local/Temp/RtmpI5fMtE/testplate/W0092--H08--092/P003--H08--092/testplate--H08--092--W0092--P003--T0000--Z003--C01.tif
C:/Users/Hugo/AppData/Local/Temp/RtmpI5fMtE/raw/TileScan 3_H8-3_z4_ch00.tif|C:/Users/Hugo/AppData/Local/Temp/RtmpI5fMtE/testplate/W0092--H08--092/P003--H08--092/testplate--H08--092--W0092--P003--T0000--Z004--C00.tif
C:/Users/Hugo/AppData/Local/Temp/RtmpI5fMtE/raw/TileScan 3_H8-3_z4_ch01.tif|C:/Users/Hugo/AppData/Local/Temp/RtmpI5fMtE/testplate/W0092--H08--092/P003--H08--092/testplate--H08--092--W0092--P003--T0000--Z004--C01.tif
C:/Users/Hugo/AppData/Local/Temp/RtmpI5fMtE/raw/TileScan 3_H8-4_z0_ch00.tif|C:/Users/Hugo/AppData/Local/Temp/RtmpI5fMtE/testplate/W0092--H08--092/P004--H08--092/testplate--H08--092--W0092--P004--T0000--Z000--C00.tif
C:/Users/Hugo/AppData/Local/Temp/RtmpI5fMtE/raw/TileScan 3_H8-4_z0_ch01.tif|C:/Users/Hugo/AppData/Local/Temp/RtmpI5fMtE/testplate/W0092--H08--092/P004--H08--092/testplate--H08--092--W0092--P004--T0000--Z000--C01.tif
C:/Users/Hugo/AppData/Local/Temp/RtmpI5fMtE/raw/TileScan 3_H8-4_z1_ch00.tif|C:/Users/Hugo/AppData/Local/Temp/RtmpI5fMtE/testplate/W0092--H08--092/P004--H08--092/testplate--H08--092--W0092--P004--T0000--Z001--C00.tif
C:/Users/Hugo/AppData/Local/Temp/RtmpI5fMtE/raw/TileScan 3_H8-4_z1_ch01.tif|C:/Users/Hugo/AppData/Local/Temp/RtmpI5fMtE/testplate/W0092--H08--092/P004--H08--092/testplate--H08--092--W0092--P004--T0000--Z001--C01.tif
C:/Users/Hugo/AppData/Local/Temp/RtmpI5fMtE/raw/TileScan 3_H8-4_z2_ch00.tif|C:/Users/Hugo/AppData/Local/Temp/RtmpI5fMtE/testplate/W0092--H08--092/P004--H08--092/testplate--H08--092--W0092--P004--T0000--Z002--C00.tif
C:/Users/Hugo/AppData/Local/Temp/RtmpI5fMtE/raw/TileScan 3_H8-4_z2_ch01.tif|C:/Users/Hugo/AppData/Local/Temp/RtmpI5fMtE/testplate/W0092--H08--092/P004--H08--092/testplate--H08--092--W0092--P004--T0000--Z002--C01.tif
C:/Users/Hugo/AppData/Local/Temp/RtmpI5fMtE/raw/TileScan 3_H8-4_z3_ch00.tif|C:/Users/Hugo/AppData/Local/Temp/RtmpI5fMtE/testplate/W0092--H08--092/P004--H08--092/testplate--H08--092--W0092--P004--T0000--Z003--C00.tif
C:/Users/Hugo/AppData/Local/Temp/RtmpI5fMtE/raw/TileScan 3_H8-4_z3_ch01.tif|C:/Users/Hugo/AppData/Local/Temp/RtmpI5fMtE/testplate/W0092--H08--092/P004--H08--092/testplate--H08--092--W0092--P004--T0000--Z003--C01.tif
C:/Users/Hugo/AppData/Local/Temp/RtmpI5fMtE/raw/TileScan 3_H8-4_z4_ch00.tif|C:/Users/Hugo/AppData/Local/Temp/RtmpI5fMtE/testplate/W0092--H08--092/P004--H08--092/testplate--H08--092--W0092--P004--T0000--Z004--C00.tif
C:/Users/Hugo/AppData/Local/Temp/RtmpI5fMtE/raw/TileScan 3_H8-4_z4_ch01.tif|C:/Users/Hugo/AppData/Local/Temp/RtmpI5fMtE/testplate/W0092--H08--092/P004--H08--092/testplate--H08--092--W0092--P004--T0000--Z004--C01.tif
